#
# There is insufficient memory for the Java Runtime Environment to continue.
# Native memory allocation (malloc) failed to allocate 32744 bytes. Error detail: Chunk::new
# Possible reasons:
#   The system is out of physical RAM or swap space
#   This process is running with CompressedOops enabled, and the Java Heap may be blocking the growth of the native heap
# Possible solutions:
#   Reduce memory load on the system
#   Increase physical memory or swap space
#   Check if swap backing store is full
#   Decrease Java heap size (-Xmx/-Xms)
#   Decrease number of Java threads
#   Decrease Java thread stack sizes (-Xss)
#   Set larger code cache with -XX:ReservedCodeCacheSize=
#   JVM is running with Unscaled Compressed Oops mode in which the Java heap is
#     placed in the first 4GB address space. The Java Heap base address is the
#     maximum limit for the native heap growth. Please use -XX:HeapBaseMinAddress
#     to set the Java Heap base and to place the Java Heap above 4GB virtual address.
# This output file may be truncated or incomplete.
#
#  Out of Memory Error (arena.cpp:149), pid=15508, tid=6780
#
# JRE version: Java(TM) SE Runtime Environment (23.0.1+11) (build 23.0.1+11-39)
# Java VM: Java HotSpot(TM) 64-Bit Server VM (23.0.1+11-39, mixed mode, sharing, tiered, compressed oops, compressed class ptrs, g1 gc, windows-amd64)
# No core dump will be written. Minidumps are not enabled by default on client versions of Windows
#

---------------  S U M M A R Y ------------

Command Line: com.mycompany.gymproject.Main

Host: Intel(R) Core(TM) i5-5200U CPU @ 2.20GHz, 4 cores, 7G,  Windows 10 , 64 bit Build 17763 (10.0.17763.6292)
Time: Fri Dec 13 01:18:20 2024 Egypt Standard Time elapsed time: 0.255696 seconds (0d 0h 0m 0s)

---------------  T H R E A D  ---------------

Current thread (0x00000210ae9207f0):  JavaThread "main"             [_thread_in_vm, id=6780, stack(0x000000673a200000,0x000000673a300000) (1024K)]

Stack: [0x000000673a200000,0x000000673a300000]
Native frames: (J=compiled Java code, j=interpreted, Vv=VM code, C=native code)
V  [jvm.dll+0x6e08b9]  (no source info available)
V  [jvm.dll+0x87dc83]  (no source info available)
V  [jvm.dll+0x88010e]  (no source info available)
V  [jvm.dll+0x8807e3]  (no source info available)
V  [jvm.dll+0x27aee6]  (no source info available)
V  [jvm.dll+0xbc06f]  (no source info available)
V  [jvm.dll+0xbc2cb]  (no source info available)
V  [jvm.dll+0x478cae]  (no source info available)
C  0x00000210c0ce8e76  (no source info available)

The last pc belongs to native nmethod (printed below).
Java frames: (J=compiled Java code, j=interpreted, Vv=VM code)
J 115  java.lang.Object.clone()Ljava/lang/Object; java.base@23.0.1 (0 bytes) @ 0x00000210c0ce8de3 [0x00000210c0ce8da0+0x0000000000000043]
j  java.lang.invoke.MethodTypeForm.canonicalizeAll([Ljava/lang/Class;I)[Ljava/lang/Class;+42 java.base@23.0.1
j  java.lang.invoke.MethodTypeForm.canonicalize(Ljava/lang/invoke/MethodType;I)Ljava/lang/invoke/MethodType;+7 java.base@23.0.1
j  java.lang.invoke.MethodTypeForm.findForm(Ljava/lang/invoke/MethodType;)Ljava/lang/invoke/MethodTypeForm;+2 java.base@23.0.1
j  java.lang.invoke.MethodType.makeImpl(Ljava/lang/Class;[Ljava/lang/Class;Z)Ljava/lang/invoke/MethodType;+91 java.base@23.0.1
j  java.lang.invoke.MethodType.methodType(Ljava/lang/Class;[Ljava/lang/Class;Z)Ljava/lang/invoke/MethodType;+65 java.base@23.0.1
j  java.lang.invoke.MethodHandleNatives.findMethodHandleType(Ljava/lang/Class;[Ljava/lang/Class;)Ljava/lang/invoke/MethodType;+3 java.base@23.0.1
v  ~StubRoutines::call_stub 0x00000210c0750fcd
j  jdk.internal.module.SystemModuleFinders$SystemModuleReader.open(Ljava/lang/String;)Ljava/util/Optional;+6 java.base@23.0.1
j  jdk.internal.loader.BuiltinClassLoader.findResourceAsStream(Ljava/lang/String;Ljava/lang/String;)Ljava/io/InputStream;+54 java.base@23.0.1
j  jdk.internal.loader.BootLoader.findResourceAsStream(Ljava/lang/String;Ljava/lang/String;)Ljava/io/InputStream;+5 java.base@23.0.1
j  java.lang.Module.getResourceAsStream(Ljava/lang/String;)Ljava/io/InputStream;+109 java.base@23.0.1
j  java.util.ResourceBundle$ResourceBundleProviderHelper.lambda$loadPropertyResourceBundle$2(Ljava/lang/String;Ljava/lang/Module;Ljava/lang/Module;)Ljava/io/InputStream;+93 java.base@23.0.1
j  java.util.ResourceBundle$ResourceBundleProviderHelper$$Lambda+0x00000210ce0517b0.run()Ljava/lang/Object;+12 java.base@23.0.1
j  java.security.AccessController.executePrivileged(Ljava/security/PrivilegedAction;Ljava/security/AccessControlContext;Ljava/lang/Class;)Ljava/lang/Object;+29 java.base@23.0.1
j  java.security.AccessController.doPrivileged(Ljava/security/PrivilegedAction;)Ljava/lang/Object;+5 java.base@23.0.1
j  java.util.ResourceBundle$ResourceBundleProviderHelper.loadPropertyResourceBundle(Ljava/lang/Module;Ljava/lang/Module;Ljava/lang/String;Ljava/util/Locale;)Ljava/util/ResourceBundle;+23 java.base@23.0.1
j  java.util.ResourceBundle.loadBundle(Ljava/util/ResourceBundle$CacheKey;Ljava/util/List;Ljava/util/ResourceBundle$Control;Ljava/lang/Module;Ljava/lang/Module;)Ljava/util/ResourceBundle;+272 java.base@23.0.1
j  java.util.ResourceBundle.findBundle(Ljava/lang/Module;Ljava/lang/Module;Ljava/util/ResourceBundle$CacheKey;Ljava/util/List;Ljava/util/List;ILjava/util/ResourceBundle$Control;Ljava/util/ResourceBundle;)Ljava/util/ResourceBundle;+249 java.base@23.0.1
j  java.util.ResourceBundle.findBundle(Ljava/lang/Module;Ljava/lang/Module;Ljava/util/ResourceBundle$CacheKey;Ljava/util/List;Ljava/util/List;ILjava/util/ResourceBundle$Control;Ljava/util/ResourceBundle;)Ljava/util/ResourceBundle;+43 java.base@23.0.1
j  java.util.ResourceBundle.getBundleImpl(Ljava/lang/Module;Ljava/lang/Module;Ljava/lang/String;Ljava/util/Locale;Ljava/util/ResourceBundle$Control;)Ljava/util/ResourceBundle;+196 java.base@23.0.1
j  java.util.ResourceBundle.getBundleImpl(Ljava/lang/String;Ljava/util/Locale;Ljava/lang/Class;Ljava/lang/ClassLoader;Ljava/util/ResourceBundle$Control;)Ljava/util/ResourceBundle;+31 java.base@23.0.1
j  java.util.ResourceBundle.getBundleImpl(Ljava/lang/String;Ljava/util/Locale;Ljava/lang/Class;Ljava/util/ResourceBundle$Control;)Ljava/util/ResourceBundle;+15 java.base@23.0.1
j  java.util.ResourceBundle.getBundle(Ljava/lang/String;)Ljava/util/ResourceBundle;+14 java.base@23.0.1
j  java.awt.Toolkit$4.run()Ljava/lang/Void;+2 java.desktop@23.0.1
j  java.awt.Toolkit$4.run()Ljava/lang/Object;+1 java.desktop@23.0.1
j  java.security.AccessController.executePrivileged(Ljava/security/PrivilegedAction;Ljava/security/AccessControlContext;Ljava/lang/Class;)Ljava/lang/Object;+29 java.base@23.0.1
j  java.security.AccessController.doPrivileged(Ljava/security/PrivilegedAction;)Ljava/lang/Object;+5 java.base@23.0.1
j  java.awt.Toolkit.initStatic()V+17 java.desktop@23.0.1
j  java.awt.Toolkit.<clinit>()V+20 java.desktop@23.0.1
v  ~StubRoutines::call_stub 0x00000210c0750fcd
j  java.awt.Component.<clinit>()V+93 java.desktop@23.0.1
v  ~StubRoutines::call_stub 0x00000210c0750fcd
j  com.mycompany.gymproject.Main.main([Ljava/lang/String;)V+0
v  ~StubRoutines::call_stub 0x00000210c0750fcd
Lock stack of current Java thread (top to bottom):


Compiled method (n/a) 543  115     n 0       java.lang.Object::clone (native)
 total in heap  [0x00000210c0ce8c88,0x00000210c0ce91c0] = 1336
 relocation     [0x00000210c0ce8d60,0x00000210c0ce8d98] = 56
 main code      [0x00000210c0ce8da0,0x00000210c0ce91b9] = 1049
 stub code      [0x00000210c0ce91b9,0x00000210c0ce91c0] = 7

[Constant Pool (empty)]

[MachCode]
[Entry Point]
  # {method} {0x00000210cd164c78} 'clone' '()Ljava/lang/Object;' in 'java/lang/Object'
  #           [sp+0x70]  (sp of caller)
  0x00000210c0ce8da0: 6690 448b | 5208 443b 

  0x00000210c0ce8da8: ;   {runtime_call ic_miss_stub}
  0x00000210c0ce8da8: 5008 0f85 | 3057 abff 
[Verified Entry Point]
  0x00000210c0ce8db0: 8984 2400 | 80ff ff55 | 488b ec48 | 83ec 6090 | 4181 7f20 | 0100 0000 

  0x00000210c0ce8dc8: ;   {runtime_call StubRoutines (final stubs)}
  0x00000210c0ce8dc8: 7405 e871 | e9a9 ff48 | 8954 2420 | 4883 fa00 | 488d 5424 | 2048 0f44 | 5424 20c5 

  0x00000210c0ce8de4: ;   {internal_word}
  0x00000210c0ce8de4: f877 49ba | e38d cec0 | 1002 0000 | 4d89 97a8 | 0300 0049 | 89a7 a003 

  0x00000210c0ce8dfc: ;   {external_word}
  0x00000210c0ce8dfc: 0000 49ba | 41ad b32c | f87f 0000 | 4180 3a00 | 0f84 4600 

  0x00000210c0ce8e10: ;   {metadata({method} {0x00000210cd164c78} 'clone' '()Ljava/lang/Object;' in 'java/lang/Object')}
  0x00000210c0ce8e10: 0000 5248 | ba70 4c16 | cd10 0200 | 0049 8bcf | 4883 ec20 | 40f6 c40f | 0f84 1900 | 0000 4883 
  0x00000210c0ce8e30: ;   {runtime_call}
  0x00000210c0ce8e30: ec08 48b8 | 10ee 632c | f87f 0000 | ffd0 4883 | c408 e90c 

  0x00000210c0ce8e44: ;   {runtime_call}
  0x00000210c0ce8e44: 0000 0048 | b810 ee63 | 2cf8 7f00 | 00ff d048 | 83c4 205a | 498d 8fc0 | 0300 0041 | c787 4404 
  0x00000210c0ce8e64: 0000 0400 

  0x00000210c0ce8e68: ;   {runtime_call}
  0x00000210c0ce8e68: 0000 48b8 | c08b 362c | f87f 0000 | ffd0 c5f8 | 7741 c787 | 4404 0000 | 0500 0000 | f083 4424 
  0x00000210c0ce8e88: c000 493b | af48 0400 | 000f 870e | 0000 0041 | 83bf 4004 | 0000 000f | 842b 0000 | 00c5 f877 
  0x00000210c0ce8ea8: 4889 45f8 | 498b cf4c | 8be4 4883 | ec20 4883 

  0x00000210c0ce8eb8: ;   {runtime_call}
  0x00000210c0ce8eb8: e4f0 48b8 | 90a9 2d2c | f87f 0000 | ffd0 498b | e44d 33e4 | 488b 45f8 | 41c7 8744 | 0400 0008 
  0x00000210c0ce8ed8: 0000 0041 | 83bf c804 | 0000 020f | 84a3 0200 

  0x00000210c0ce8ee8: ;   {external_word}
  0x00000210c0ce8ee8: 0049 ba41 | adb3 2cf8 | 7f00 0041 | 803a 000f | 844c 0000 | 0048 8945 

  0x00000210c0ce8f00: ;   {metadata({method} {0x00000210cd164c78} 'clone' '()Ljava/lang/Object;' in 'java/lang/Object')}
  0x00000210c0ce8f00: f848 ba70 | 4c16 cd10 | 0200 0049 | 8bcf 4883 | ec20 40f6 | c40f 0f84 | 1900 0000 | 4883 ec08 
  0x00000210c0ce8f20: ;   {runtime_call}
  0x00000210c0ce8f20: 48b8 10ee | 632c f87f | 0000 ffd0 | 4883 c408 | e90c 0000 

  0x00000210c0ce8f34: ;   {runtime_call}
  0x00000210c0ce8f34: 0048 b810 | ee63 2cf8 | 7f00 00ff | d048 83c4 | 2048 8b45 | f849 c787 | a003 0000 | 0000 0000 
  0x00000210c0ce8f54: 49c7 87a8 | 0300 0000 | 0000 00c5 | f877 4885 | c00f 84fe | 0100 00a8 | 030f 8508 | 0000 0048 
  0x00000210c0ce8f74: 8b00 e9ee | 0100 00a8 | 010f 8509 | 0000 0048 | 8b40 fee9 | dd01 0000 | 488b 40ff | 4180 7f38 
  0x00000210c0ce8f94: 000f 84ce | 0100 0048 | 83f8 000f | 84c4 0100 | 0049 8b4f | 2848 83f9 | 000f 8414 | 0000 0048 
  0x00000210c0ce8fb4: 83e9 0849 | 894f 2849 | 034f 3048 | 8901 e9a2 | 0100 0048 | 81ec d000 | 0000 4889 | 0424 4889 
  0x00000210c0ce8fd4: 4c24 0848 | 8954 2410 | 4889 7424 | 1848 897c | 2420 4c89 | 4424 284c | 894c 2430 | 4c89 5424 
  0x00000210c0ce8ff4: 384c 895c | 2440 c5fb | 1144 2450 | c5fb 114c | 2458 c5fb | 1154 2460 | c5fb 115c | 2468 c5fb 
  0x00000210c0ce9014: 1164 2470 | c5fb 116c | 2478 c5fb | 11b4 2480 | 0000 00c5 | fb11 bc24 | 8800 0000 | c57b 1184 
  0x00000210c0ce9034: ;   {no_reloc}
  0x00000210c0ce9034: 2490 0000 | 00c5 7b11 | 8c24 9800 | 0000 c57b | 1194 24a0 | 0000 00c5 | 7b11 9c24 | a800 0000 
  0x00000210c0ce9054: c57b 11a4 | 24b0 0000 | 00c5 7b11 | ac24 b800 | 0000 c57b | 11b4 24c0 | 0000 00c5 | 7b11 bc24 
  0x00000210c0ce9074: c800 0000 | 498b d748 | 8bc8 4883 | ec20 40f6 | c40f 0f84 | 1900 0000 | 4883 ec08 

  0x00000210c0ce9090: ;   {runtime_call}
  0x00000210c0ce9090: 48b8 e007 | 212c f87f | 0000 ffd0 | 4883 c408 | e90c 0000 

  0x00000210c0ce90a4: ;   {runtime_call}
  0x00000210c0ce90a4: 0048 b8e0 | 0721 2cf8 | 7f00 00ff | d048 83c4 | 20c5 7b10 | bc24 c800 | 0000 c57b | 10b4 24c0 
  0x00000210c0ce90c4: 0000 00c5 | 7b10 ac24 | b800 0000 | c57b 10a4 | 24b0 0000 | 00c5 7b10 | 9c24 a800 | 0000 c57b 
  0x00000210c0ce90e4: 1094 24a0 | 0000 00c5 | 7b10 8c24 | 9800 0000 | c57b 1084 | 2490 0000 | 00c5 fb10 | bc24 8800 
  0x00000210c0ce9104: 0000 c5fb | 10b4 2480 | 0000 00c5 | fb10 6c24 | 78c5 fb10 | 6424 70c5 | fb10 5c24 | 68c5 fb10 
  0x00000210c0ce9124: 5424 60c5 | fb10 4c24 | 58c5 fb10 | 4424 504c | 8b5c 2440 | 4c8b 5424 | 384c 8b4c | 2430 4c8b 
  0x00000210c0ce9144: 4424 2848 | 8b7c 2420 | 488b 7424 | 1848 8b54 | 2410 488b | 4c24 0848 | 8b04 2448 | 81c4 d000 
  0x00000210c0ce9164: 0000 c5f8 | 7749 8b8f | 3004 0000 | c781 0001 | 0000 0000 | 0000 c949 | 837f 0800 | 0f85 0100 
  0x00000210c0ce9184: ;   {runtime_call StubRoutines (initial stubs)}
  0x00000210c0ce9184: 0000 c3e9 | 347d a6ff | c5f8 7748 | 8945 f84c | 8be4 4883 | ec20 4883 

  0x00000210c0ce919c: ;   {runtime_call}
  0x00000210c0ce919c: e4f0 48b8 | c022 642c | f87f 0000 | ffd0 498b | e44d 33e4 | 488b 45f8 | e930 fdff | fff4 f4f4 
  0x00000210c0ce91bc: f4f4 f4f4 
[/MachCode]


---------------  P R O C E S S  ---------------

Threads class SMR info:
_java_thread_list=0x0000021112101170, length=11, elements={
0x00000210ae9207f0, 0x00000210ccea9800, 0x00000210cceaa720, 0x00000210cceae6c0,
0x00000210cceb1130, 0x00000210cceb2330, 0x00000210cceb8a40, 0x00000210ccedbf90,
0x00000210ccedd1e0, 0x0000021112125c10, 0x0000021112136ed0
}

Java Threads: ( => current thread )
=>0x00000210ae9207f0 JavaThread "main"                              [_thread_in_vm, id=6780, stack(0x000000673a200000,0x000000673a300000) (1024K)]
  0x00000210ccea9800 JavaThread "Reference Handler"          daemon [_thread_blocked, id=8008, stack(0x000000673aa00000,0x000000673ab00000) (1024K)]
  0x00000210cceaa720 JavaThread "Finalizer"                  daemon [_thread_blocked, id=9568, stack(0x000000673ab00000,0x000000673ac00000) (1024K)]
  0x00000210cceae6c0 JavaThread "Signal Dispatcher"          daemon [_thread_blocked, id=6948, stack(0x000000673ac00000,0x000000673ad00000) (1024K)]
  0x00000210cceb1130 JavaThread "Attach Listener"            daemon [_thread_blocked, id=11460, stack(0x000000673ad00000,0x000000673ae00000) (1024K)]
  0x00000210cceb2330 JavaThread "Service Thread"             daemon [_thread_blocked, id=9920, stack(0x000000673ae00000,0x000000673af00000) (1024K)]
  0x00000210cceb8a40 JavaThread "Monitor Deflation Thread"   daemon [_thread_blocked, id=14860, stack(0x000000673af00000,0x000000673b000000) (1024K)]
  0x00000210ccedbf90 JavaThread "C2 CompilerThread0"         daemon [_thread_blocked, id=8164, stack(0x000000673b000000,0x000000673b100000) (1024K)]
  0x00000210ccedd1e0 JavaThread "C1 CompilerThread0"         daemon [_thread_blocked, id=11796, stack(0x000000673b100000,0x000000673b200000) (1024K)]
  0x0000021112125c10 JavaThread "Notification Thread"        daemon [_thread_blocked, id=10956, stack(0x000000673b200000,0x000000673b300000) (1024K)]
  0x0000021112136ed0 JavaThread "Common-Cleaner"             daemon [_thread_blocked, id=12484, stack(0x000000673b300000,0x000000673b400000) (1024K)]
Total: 11

Other Threads:
  0x00000210cce8f8b0 VMThread "VM Thread"                           [id=11908, stack(0x000000673a900000,0x000000673aa00000) (1024K)]
  0x00000210cce7de10 WatcherThread "VM Periodic Task Thread"        [id=10820, stack(0x000000673a800000,0x000000673a900000) (1024K)]
  0x00000210b0b4b480 WorkerThread "GC Thread#0"                     [id=6736, stack(0x000000673a300000,0x000000673a400000) (1024K)]
  0x00000210b0b604d0 ConcurrentGCThread "G1 Main Marker"            [id=14912, stack(0x000000673a400000,0x000000673a500000) (1024K)]
  0x00000210b0b61c40 WorkerThread "G1 Conc#0"                       [id=3636, stack(0x000000673a500000,0x000000673a600000) (1024K)]
  0x00000210b0bae640 ConcurrentGCThread "G1 Refine#0"               [id=9188, stack(0x000000673a600000,0x000000673a700000) (1024K)]
  0x00000210ccd443e0 ConcurrentGCThread "G1 Service"                [id=17140, stack(0x000000673a700000,0x000000673a800000) (1024K)]
Total: 7

Threads with active compile tasks:
Total: 0

VM state: not at safepoint (normal execution)

VM Mutex/Monitor currently owned by a thread: None

Heap address: 0x0000000081400000, size: 2028 MB, Compressed Oops mode: 32-bit

CDS archive(s) mapped at: [0x00000210cd000000-0x00000210cdd70000-0x00000210cdd70000), size 14090240, SharedBaseAddress: 0x00000210cd000000, ArchiveRelocationMode: 1.
Compressed class space mapped at: 0x00000210ce000000-0x000002110e000000, reserved size: 1073741824
Narrow klass base: 0x00000210cd000000, Narrow klass shift: 0, Narrow klass range: 0x41000000

GC Precious Log:
 CardTable entry size: 512
 Card Set container configuration: InlinePtr #cards 5 size 8 Array Of Cards #cards 10 size 36 Howl #buckets 4 coarsen threshold 1843 Howl Bitmap #cards 512 size 80 coarsen threshold 460 Card regions per heap region 1 cards per card region 2048
 CPUs: 4 total, 4 available
 Memory: 8110M
 Large Page Support: Disabled
 NUMA Support: Disabled
 Compressed Oops: Enabled (32-bit)
 Heap Region Size: 1M
 Heap Min Capacity: 8M
 Heap Initial Capacity: 128M
 Heap Max Capacity: 2028M
 Pre-touch: Disabled
 Parallel Workers: 4
 Concurrent Workers: 1
 Concurrent Refinement Workers: 4
 Periodic GC: Disabled

Heap:
 garbage-first heap   total reserved 2076672K, committed 131072K, used 1024K [0x0000000081400000, 0x0000000100000000)
  region size 1024K, 2 young (2048K), 0 survivors (0K)
 Metaspace       used 955K, committed 1152K, reserved 1114112K
  class space    used 77K, committed 192K, reserved 1048576K

Heap Regions: E=young(eden), S=young(survivor), O=old, HS=humongous(starts), HC=humongous(continues), CS=collection set, F=free, TAMS=top-at-mark-start, PB=parsable bottom
|   0|0x0000000081400000, 0x0000000081400000, 0x0000000081500000|  0%| F|  |TAMS 0x0000000081400000| PB 0x0000000081400000| Untracked |  0
|   1|0x0000000081500000, 0x0000000081500000, 0x0000000081600000|  0%| F|  |TAMS 0x0000000081500000| PB 0x0000000081500000| Untracked |  0
|   2|0x0000000081600000, 0x0000000081600000, 0x0000000081700000|  0%| F|  |TAMS 0x0000000081600000| PB 0x0000000081600000| Untracked |  0
|   3|0x0000000081700000, 0x0000000081700000, 0x0000000081800000|  0%| F|  |TAMS 0x0000000081700000| PB 0x0000000081700000| Untracked |  0
|   4|0x0000000081800000, 0x0000000081800000, 0x0000000081900000|  0%| F|  |TAMS 0x0000000081800000| PB 0x0000000081800000| Untracked |  0
|   5|0x0000000081900000, 0x0000000081900000, 0x0000000081a00000|  0%| F|  |TAMS 0x0000000081900000| PB 0x0000000081900000| Untracked |  0
|   6|0x0000000081a00000, 0x0000000081a00000, 0x0000000081b00000|  0%| F|  |TAMS 0x0000000081a00000| PB 0x0000000081a00000| Untracked |  0
|   7|0x0000000081b00000, 0x0000000081b00000, 0x0000000081c00000|  0%| F|  |TAMS 0x0000000081b00000| PB 0x0000000081b00000| Untracked |  0
|   8|0x0000000081c00000, 0x0000000081c00000, 0x0000000081d00000|  0%| F|  |TAMS 0x0000000081c00000| PB 0x0000000081c00000| Untracked |  0
|   9|0x0000000081d00000, 0x0000000081d00000, 0x0000000081e00000|  0%| F|  |TAMS 0x0000000081d00000| PB 0x0000000081d00000| Untracked |  0
|  10|0x0000000081e00000, 0x0000000081e00000, 0x0000000081f00000|  0%| F|  |TAMS 0x0000000081e00000| PB 0x0000000081e00000| Untracked |  0
|  11|0x0000000081f00000, 0x0000000081f00000, 0x0000000082000000|  0%| F|  |TAMS 0x0000000081f00000| PB 0x0000000081f00000| Untracked |  0
|  12|0x0000000082000000, 0x0000000082000000, 0x0000000082100000|  0%| F|  |TAMS 0x0000000082000000| PB 0x0000000082000000| Untracked |  0
|  13|0x0000000082100000, 0x0000000082100000, 0x0000000082200000|  0%| F|  |TAMS 0x0000000082100000| PB 0x0000000082100000| Untracked |  0
|  14|0x0000000082200000, 0x0000000082200000, 0x0000000082300000|  0%| F|  |TAMS 0x0000000082200000| PB 0x0000000082200000| Untracked |  0
|  15|0x0000000082300000, 0x0000000082300000, 0x0000000082400000|  0%| F|  |TAMS 0x0000000082300000| PB 0x0000000082300000| Untracked |  0
|  16|0x0000000082400000, 0x0000000082400000, 0x0000000082500000|  0%| F|  |TAMS 0x0000000082400000| PB 0x0000000082400000| Untracked |  0
|  17|0x0000000082500000, 0x0000000082500000, 0x0000000082600000|  0%| F|  |TAMS 0x0000000082500000| PB 0x0000000082500000| Untracked |  0
|  18|0x0000000082600000, 0x0000000082600000, 0x0000000082700000|  0%| F|  |TAMS 0x0000000082600000| PB 0x0000000082600000| Untracked |  0
|  19|0x0000000082700000, 0x0000000082700000, 0x0000000082800000|  0%| F|  |TAMS 0x0000000082700000| PB 0x0000000082700000| Untracked |  0
|  20|0x0000000082800000, 0x0000000082800000, 0x0000000082900000|  0%| F|  |TAMS 0x0000000082800000| PB 0x0000000082800000| Untracked |  0
|  21|0x0000000082900000, 0x0000000082900000, 0x0000000082a00000|  0%| F|  |TAMS 0x0000000082900000| PB 0x0000000082900000| Untracked |  0
|  22|0x0000000082a00000, 0x0000000082a00000, 0x0000000082b00000|  0%| F|  |TAMS 0x0000000082a00000| PB 0x0000000082a00000| Untracked |  0
|  23|0x0000000082b00000, 0x0000000082b00000, 0x0000000082c00000|  0%| F|  |TAMS 0x0000000082b00000| PB 0x0000000082b00000| Untracked |  0
|  24|0x0000000082c00000, 0x0000000082c00000, 0x0000000082d00000|  0%| F|  |TAMS 0x0000000082c00000| PB 0x0000000082c00000| Untracked |  0
|  25|0x0000000082d00000, 0x0000000082d00000, 0x0000000082e00000|  0%| F|  |TAMS 0x0000000082d00000| PB 0x0000000082d00000| Untracked |  0
|  26|0x0000000082e00000, 0x0000000082e00000, 0x0000000082f00000|  0%| F|  |TAMS 0x0000000082e00000| PB 0x0000000082e00000| Untracked |  0
|  27|0x0000000082f00000, 0x0000000082f00000, 0x0000000083000000|  0%| F|  |TAMS 0x0000000082f00000| PB 0x0000000082f00000| Untracked |  0
|  28|0x0000000083000000, 0x0000000083000000, 0x0000000083100000|  0%| F|  |TAMS 0x0000000083000000| PB 0x0000000083000000| Untracked |  0
|  29|0x0000000083100000, 0x0000000083100000, 0x0000000083200000|  0%| F|  |TAMS 0x0000000083100000| PB 0x0000000083100000| Untracked |  0
|  30|0x0000000083200000, 0x0000000083200000, 0x0000000083300000|  0%| F|  |TAMS 0x0000000083200000| PB 0x0000000083200000| Untracked |  0
|  31|0x0000000083300000, 0x0000000083300000, 0x0000000083400000|  0%| F|  |TAMS 0x0000000083300000| PB 0x0000000083300000| Untracked |  0
|  32|0x0000000083400000, 0x0000000083400000, 0x0000000083500000|  0%| F|  |TAMS 0x0000000083400000| PB 0x0000000083400000| Untracked |  0
|  33|0x0000000083500000, 0x0000000083500000, 0x0000000083600000|  0%| F|  |TAMS 0x0000000083500000| PB 0x0000000083500000| Untracked |  0
|  34|0x0000000083600000, 0x0000000083600000, 0x0000000083700000|  0%| F|  |TAMS 0x0000000083600000| PB 0x0000000083600000| Untracked |  0
|  35|0x0000000083700000, 0x0000000083700000, 0x0000000083800000|  0%| F|  |TAMS 0x0000000083700000| PB 0x0000000083700000| Untracked |  0
|  36|0x0000000083800000, 0x0000000083800000, 0x0000000083900000|  0%| F|  |TAMS 0x0000000083800000| PB 0x0000000083800000| Untracked |  0
|  37|0x0000000083900000, 0x0000000083900000, 0x0000000083a00000|  0%| F|  |TAMS 0x0000000083900000| PB 0x0000000083900000| Untracked |  0
|  38|0x0000000083a00000, 0x0000000083a00000, 0x0000000083b00000|  0%| F|  |TAMS 0x0000000083a00000| PB 0x0000000083a00000| Untracked |  0
|  39|0x0000000083b00000, 0x0000000083b00000, 0x0000000083c00000|  0%| F|  |TAMS 0x0000000083b00000| PB 0x0000000083b00000| Untracked |  0
|  40|0x0000000083c00000, 0x0000000083c00000, 0x0000000083d00000|  0%| F|  |TAMS 0x0000000083c00000| PB 0x0000000083c00000| Untracked |  0
|  41|0x0000000083d00000, 0x0000000083d00000, 0x0000000083e00000|  0%| F|  |TAMS 0x0000000083d00000| PB 0x0000000083d00000| Untracked |  0
|  42|0x0000000083e00000, 0x0000000083e00000, 0x0000000083f00000|  0%| F|  |TAMS 0x0000000083e00000| PB 0x0000000083e00000| Untracked |  0
|  43|0x0000000083f00000, 0x0000000083f00000, 0x0000000084000000|  0%| F|  |TAMS 0x0000000083f00000| PB 0x0000000083f00000| Untracked |  0
|  44|0x0000000084000000, 0x0000000084000000, 0x0000000084100000|  0%| F|  |TAMS 0x0000000084000000| PB 0x0000000084000000| Untracked |  0
|  45|0x0000000084100000, 0x0000000084100000, 0x0000000084200000|  0%| F|  |TAMS 0x0000000084100000| PB 0x0000000084100000| Untracked |  0
|  46|0x0000000084200000, 0x0000000084200000, 0x0000000084300000|  0%| F|  |TAMS 0x0000000084200000| PB 0x0000000084200000| Untracked |  0
|  47|0x0000000084300000, 0x0000000084300000, 0x0000000084400000|  0%| F|  |TAMS 0x0000000084300000| PB 0x0000000084300000| Untracked |  0
|  48|0x0000000084400000, 0x0000000084400000, 0x0000000084500000|  0%| F|  |TAMS 0x0000000084400000| PB 0x0000000084400000| Untracked |  0
|  49|0x0000000084500000, 0x0000000084500000, 0x0000000084600000|  0%| F|  |TAMS 0x0000000084500000| PB 0x0000000084500000| Untracked |  0
|  50|0x0000000084600000, 0x0000000084600000, 0x0000000084700000|  0%| F|  |TAMS 0x0000000084600000| PB 0x0000000084600000| Untracked |  0
|  51|0x0000000084700000, 0x0000000084700000, 0x0000000084800000|  0%| F|  |TAMS 0x0000000084700000| PB 0x0000000084700000| Untracked |  0
|  52|0x0000000084800000, 0x0000000084800000, 0x0000000084900000|  0%| F|  |TAMS 0x0000000084800000| PB 0x0000000084800000| Untracked |  0
|  53|0x0000000084900000, 0x0000000084900000, 0x0000000084a00000|  0%| F|  |TAMS 0x0000000084900000| PB 0x0000000084900000| Untracked |  0
|  54|0x0000000084a00000, 0x0000000084a00000, 0x0000000084b00000|  0%| F|  |TAMS 0x0000000084a00000| PB 0x0000000084a00000| Untracked |  0
|  55|0x0000000084b00000, 0x0000000084b00000, 0x0000000084c00000|  0%| F|  |TAMS 0x0000000084b00000| PB 0x0000000084b00000| Untracked |  0
|  56|0x0000000084c00000, 0x0000000084c00000, 0x0000000084d00000|  0%| F|  |TAMS 0x0000000084c00000| PB 0x0000000084c00000| Untracked |  0
|  57|0x0000000084d00000, 0x0000000084d00000, 0x0000000084e00000|  0%| F|  |TAMS 0x0000000084d00000| PB 0x0000000084d00000| Untracked |  0
|  58|0x0000000084e00000, 0x0000000084e00000, 0x0000000084f00000|  0%| F|  |TAMS 0x0000000084e00000| PB 0x0000000084e00000| Untracked |  0
|  59|0x0000000084f00000, 0x0000000084f00000, 0x0000000085000000|  0%| F|  |TAMS 0x0000000084f00000| PB 0x0000000084f00000| Untracked |  0
|  60|0x0000000085000000, 0x0000000085000000, 0x0000000085100000|  0%| F|  |TAMS 0x0000000085000000| PB 0x0000000085000000| Untracked |  0
|  61|0x0000000085100000, 0x0000000085100000, 0x0000000085200000|  0%| F|  |TAMS 0x0000000085100000| PB 0x0000000085100000| Untracked |  0
|  62|0x0000000085200000, 0x0000000085200000, 0x0000000085300000|  0%| F|  |TAMS 0x0000000085200000| PB 0x0000000085200000| Untracked |  0
|  63|0x0000000085300000, 0x0000000085300000, 0x0000000085400000|  0%| F|  |TAMS 0x0000000085300000| PB 0x0000000085300000| Untracked |  0
|  64|0x0000000085400000, 0x0000000085400000, 0x0000000085500000|  0%| F|  |TAMS 0x0000000085400000| PB 0x0000000085400000| Untracked |  0
|  65|0x0000000085500000, 0x0000000085500000, 0x0000000085600000|  0%| F|  |TAMS 0x0000000085500000| PB 0x0000000085500000| Untracked |  0
|  66|0x0000000085600000, 0x0000000085600000, 0x0000000085700000|  0%| F|  |TAMS 0x0000000085600000| PB 0x0000000085600000| Untracked |  0
|  67|0x0000000085700000, 0x0000000085700000, 0x0000000085800000|  0%| F|  |TAMS 0x0000000085700000| PB 0x0000000085700000| Untracked |  0
|  68|0x0000000085800000, 0x0000000085800000, 0x0000000085900000|  0%| F|  |TAMS 0x0000000085800000| PB 0x0000000085800000| Untracked |  0
|  69|0x0000000085900000, 0x0000000085900000, 0x0000000085a00000|  0%| F|  |TAMS 0x0000000085900000| PB 0x0000000085900000| Untracked |  0
|  70|0x0000000085a00000, 0x0000000085a00000, 0x0000000085b00000|  0%| F|  |TAMS 0x0000000085a00000| PB 0x0000000085a00000| Untracked |  0
|  71|0x0000000085b00000, 0x0000000085b00000, 0x0000000085c00000|  0%| F|  |TAMS 0x0000000085b00000| PB 0x0000000085b00000| Untracked |  0
|  72|0x0000000085c00000, 0x0000000085c00000, 0x0000000085d00000|  0%| F|  |TAMS 0x0000000085c00000| PB 0x0000000085c00000| Untracked |  0
|  73|0x0000000085d00000, 0x0000000085d00000, 0x0000000085e00000|  0%| F|  |TAMS 0x0000000085d00000| PB 0x0000000085d00000| Untracked |  0
|  74|0x0000000085e00000, 0x0000000085e00000, 0x0000000085f00000|  0%| F|  |TAMS 0x0000000085e00000| PB 0x0000000085e00000| Untracked |  0
|  75|0x0000000085f00000, 0x0000000085f00000, 0x0000000086000000|  0%| F|  |TAMS 0x0000000085f00000| PB 0x0000000085f00000| Untracked |  0
|  76|0x0000000086000000, 0x0000000086000000, 0x0000000086100000|  0%| F|  |TAMS 0x0000000086000000| PB 0x0000000086000000| Untracked |  0
|  77|0x0000000086100000, 0x0000000086100000, 0x0000000086200000|  0%| F|  |TAMS 0x0000000086100000| PB 0x0000000086100000| Untracked |  0
|  78|0x0000000086200000, 0x0000000086200000, 0x0000000086300000|  0%| F|  |TAMS 0x0000000086200000| PB 0x0000000086200000| Untracked |  0
|  79|0x0000000086300000, 0x0000000086300000, 0x0000000086400000|  0%| F|  |TAMS 0x0000000086300000| PB 0x0000000086300000| Untracked |  0
|  80|0x0000000086400000, 0x0000000086400000, 0x0000000086500000|  0%| F|  |TAMS 0x0000000086400000| PB 0x0000000086400000| Untracked |  0
|  81|0x0000000086500000, 0x0000000086500000, 0x0000000086600000|  0%| F|  |TAMS 0x0000000086500000| PB 0x0000000086500000| Untracked |  0
|  82|0x0000000086600000, 0x0000000086600000, 0x0000000086700000|  0%| F|  |TAMS 0x0000000086600000| PB 0x0000000086600000| Untracked |  0
|  83|0x0000000086700000, 0x0000000086700000, 0x0000000086800000|  0%| F|  |TAMS 0x0000000086700000| PB 0x0000000086700000| Untracked |  0
|  84|0x0000000086800000, 0x0000000086800000, 0x0000000086900000|  0%| F|  |TAMS 0x0000000086800000| PB 0x0000000086800000| Untracked |  0
|  85|0x0000000086900000, 0x0000000086900000, 0x0000000086a00000|  0%| F|  |TAMS 0x0000000086900000| PB 0x0000000086900000| Untracked |  0
|  86|0x0000000086a00000, 0x0000000086a00000, 0x0000000086b00000|  0%| F|  |TAMS 0x0000000086a00000| PB 0x0000000086a00000| Untracked |  0
|  87|0x0000000086b00000, 0x0000000086b00000, 0x0000000086c00000|  0%| F|  |TAMS 0x0000000086b00000| PB 0x0000000086b00000| Untracked |  0
|  88|0x0000000086c00000, 0x0000000086c00000, 0x0000000086d00000|  0%| F|  |TAMS 0x0000000086c00000| PB 0x0000000086c00000| Untracked |  0
|  89|0x0000000086d00000, 0x0000000086d00000, 0x0000000086e00000|  0%| F|  |TAMS 0x0000000086d00000| PB 0x0000000086d00000| Untracked |  0
|  90|0x0000000086e00000, 0x0000000086e00000, 0x0000000086f00000|  0%| F|  |TAMS 0x0000000086e00000| PB 0x0000000086e00000| Untracked |  0
|  91|0x0000000086f00000, 0x0000000086f00000, 0x0000000087000000|  0%| F|  |TAMS 0x0000000086f00000| PB 0x0000000086f00000| Untracked |  0
|  92|0x0000000087000000, 0x0000000087000000, 0x0000000087100000|  0%| F|  |TAMS 0x0000000087000000| PB 0x0000000087000000| Untracked |  0
|  93|0x0000000087100000, 0x0000000087100000, 0x0000000087200000|  0%| F|  |TAMS 0x0000000087100000| PB 0x0000000087100000| Untracked |  0
|  94|0x0000000087200000, 0x0000000087200000, 0x0000000087300000|  0%| F|  |TAMS 0x0000000087200000| PB 0x0000000087200000| Untracked |  0
|  95|0x0000000087300000, 0x0000000087300000, 0x0000000087400000|  0%| F|  |TAMS 0x0000000087300000| PB 0x0000000087300000| Untracked |  0
|  96|0x0000000087400000, 0x0000000087400000, 0x0000000087500000|  0%| F|  |TAMS 0x0000000087400000| PB 0x0000000087400000| Untracked |  0
|  97|0x0000000087500000, 0x0000000087500000, 0x0000000087600000|  0%| F|  |TAMS 0x0000000087500000| PB 0x0000000087500000| Untracked |  0
|  98|0x0000000087600000, 0x0000000087600000, 0x0000000087700000|  0%| F|  |TAMS 0x0000000087600000| PB 0x0000000087600000| Untracked |  0
|  99|0x0000000087700000, 0x0000000087700000, 0x0000000087800000|  0%| F|  |TAMS 0x0000000087700000| PB 0x0000000087700000| Untracked |  0
| 100|0x0000000087800000, 0x0000000087800000, 0x0000000087900000|  0%| F|  |TAMS 0x0000000087800000| PB 0x0000000087800000| Untracked |  0
| 101|0x0000000087900000, 0x0000000087900000, 0x0000000087a00000|  0%| F|  |TAMS 0x0000000087900000| PB 0x0000000087900000| Untracked |  0
| 102|0x0000000087a00000, 0x0000000087a00000, 0x0000000087b00000|  0%| F|  |TAMS 0x0000000087a00000| PB 0x0000000087a00000| Untracked |  0
| 103|0x0000000087b00000, 0x0000000087b00000, 0x0000000087c00000|  0%| F|  |TAMS 0x0000000087b00000| PB 0x0000000087b00000| Untracked |  0
| 104|0x0000000087c00000, 0x0000000087c00000, 0x0000000087d00000|  0%| F|  |TAMS 0x0000000087c00000| PB 0x0000000087c00000| Untracked |  0
| 105|0x0000000087d00000, 0x0000000087d00000, 0x0000000087e00000|  0%| F|  |TAMS 0x0000000087d00000| PB 0x0000000087d00000| Untracked |  0
| 106|0x0000000087e00000, 0x0000000087e00000, 0x0000000087f00000|  0%| F|  |TAMS 0x0000000087e00000| PB 0x0000000087e00000| Untracked |  0
| 107|0x0000000087f00000, 0x0000000087f00000, 0x0000000088000000|  0%| F|  |TAMS 0x0000000087f00000| PB 0x0000000087f00000| Untracked |  0
| 108|0x0000000088000000, 0x0000000088000000, 0x0000000088100000|  0%| F|  |TAMS 0x0000000088000000| PB 0x0000000088000000| Untracked |  0
| 109|0x0000000088100000, 0x0000000088100000, 0x0000000088200000|  0%| F|  |TAMS 0x0000000088100000| PB 0x0000000088100000| Untracked |  0
| 110|0x0000000088200000, 0x0000000088200000, 0x0000000088300000|  0%| F|  |TAMS 0x0000000088200000| PB 0x0000000088200000| Untracked |  0
| 111|0x0000000088300000, 0x0000000088300000, 0x0000000088400000|  0%| F|  |TAMS 0x0000000088300000| PB 0x0000000088300000| Untracked |  0
| 112|0x0000000088400000, 0x0000000088400000, 0x0000000088500000|  0%| F|  |TAMS 0x0000000088400000| PB 0x0000000088400000| Untracked |  0
| 113|0x0000000088500000, 0x0000000088500000, 0x0000000088600000|  0%| F|  |TAMS 0x0000000088500000| PB 0x0000000088500000| Untracked |  0
| 114|0x0000000088600000, 0x0000000088600000, 0x0000000088700000|  0%| F|  |TAMS 0x0000000088600000| PB 0x0000000088600000| Untracked |  0
| 115|0x0000000088700000, 0x0000000088700000, 0x0000000088800000|  0%| F|  |TAMS 0x0000000088700000| PB 0x0000000088700000| Untracked |  0
| 116|0x0000000088800000, 0x0000000088800000, 0x0000000088900000|  0%| F|  |TAMS 0x0000000088800000| PB 0x0000000088800000| Untracked |  0
| 117|0x0000000088900000, 0x0000000088900000, 0x0000000088a00000|  0%| F|  |TAMS 0x0000000088900000| PB 0x0000000088900000| Untracked |  0
| 118|0x0000000088a00000, 0x0000000088a00000, 0x0000000088b00000|  0%| F|  |TAMS 0x0000000088a00000| PB 0x0000000088a00000| Untracked |  0
| 119|0x0000000088b00000, 0x0000000088b00000, 0x0000000088c00000|  0%| F|  |TAMS 0x0000000088b00000| PB 0x0000000088b00000| Untracked |  0
| 120|0x0000000088c00000, 0x0000000088c00000, 0x0000000088d00000|  0%| F|  |TAMS 0x0000000088c00000| PB 0x0000000088c00000| Untracked |  0
| 121|0x0000000088d00000, 0x0000000088d00000, 0x0000000088e00000|  0%| F|  |TAMS 0x0000000088d00000| PB 0x0000000088d00000| Untracked |  0
| 122|0x0000000088e00000, 0x0000000088e00000, 0x0000000088f00000|  0%| F|  |TAMS 0x0000000088e00000| PB 0x0000000088e00000| Untracked |  0
| 123|0x0000000088f00000, 0x0000000088f00000, 0x0000000089000000|  0%| F|  |TAMS 0x0000000088f00000| PB 0x0000000088f00000| Untracked |  0
| 124|0x0000000089000000, 0x0000000089000000, 0x0000000089100000|  0%| F|  |TAMS 0x0000000089000000| PB 0x0000000089000000| Untracked |  0
| 125|0x0000000089100000, 0x0000000089100000, 0x0000000089200000|  0%| F|  |TAMS 0x0000000089100000| PB 0x0000000089100000| Untracked |  0
| 126|0x0000000089200000, 0x00000000892d71a0, 0x0000000089300000| 84%| E|  |TAMS 0x0000000089200000| PB 0x0000000089200000| Complete |  0
| 127|0x0000000089300000, 0x0000000089400000, 0x0000000089400000|100%| E|CS|TAMS 0x0000000089300000| PB 0x0000000089300000| Complete |  0

Card table byte_map: [0x00000210c8620000,0x00000210c8a20000] _byte_map_base: 0x00000210c8216000

Marking Bits: (CMBitMap*) 0x00000210b0b4bb90
 Bits: [0x00000210c8a20000, 0x00000210ca9d0000)

Polling page: 0x00000210ae8a0000

Metaspace:

Usage:
  Non-class:    877.80 KB used.
      Class:     77.77 KB used.
       Both:    955.57 KB used.

Virtual space:
  Non-class space:       64.00 MB reserved,     960.00 KB (  1%) committed,  1 nodes.
      Class space:        1.00 GB reserved,     192.00 KB ( <1%) committed,  1 nodes.
             Both:        1.06 GB reserved,       1.13 MB ( <1%) committed. 

Chunk freelists:
   Non-Class:  11.98 MB
       Class:  15.74 MB
        Both:  27.72 MB

MaxMetaspaceSize: unlimited
CompressedClassSpaceSize: 1.00 GB
Initial GC threshold: 21.00 MB
Current GC threshold: 21.00 MB
CDS: on
 - commit_granule_bytes: 65536.
 - commit_granule_words: 8192.
 - virtual_space_node_default_size: 8388608.
 - enlarge_chunks_in_place: 1.
 - use_allocation_guard: 0.


Internal statistics:

num_allocs_failed_limit: 0.
num_arena_births: 8.
num_arena_deaths: 0.
num_vsnodes_births: 2.
num_vsnodes_deaths: 0.
num_space_committed: 18.
num_space_uncommitted: 0.
num_chunks_returned_to_freelist: 0.
num_chunks_taken_from_freelist: 11.
num_chunk_merges: 0.
num_chunk_splits: 7.
num_chunks_enlarged: 3.
num_inconsistent_stats: 0.

CodeHeap 'non-profiled nmethods': size=120064Kb used=51Kb max_used=51Kb free=120012Kb
 bounds [0x00000210c0ce0000, 0x00000210c0f50000, 0x00000210c8220000]
CodeHeap 'profiled nmethods': size=120000Kb used=128Kb max_used=128Kb free=119872Kb
 bounds [0x00000210b9220000, 0x00000210b9490000, 0x00000210c0750000]
CodeHeap 'non-nmethods': size=5696Kb used=1287Kb max_used=1301Kb free=4408Kb
 bounds [0x00000210c0750000, 0x00000210c09c0000, 0x00000210c0ce0000]
CodeCache: size=245760Kb, used=1466Kb, max_used=1480Kb, free=244292Kb
 total_blobs=564, nmethods=156, adapters=314, full_count=0
Compilation: enabled, stopped_count=0, restarted_count=0

Compilation events (20 events):
Event: 0.243 Thread 0x00000210ccedd1e0 nmethod 138 0x00000210b923a388 code [0x00000210b923a520, 0x00000210b923aa40]
Event: 0.243 Thread 0x00000210ccedd1e0  140       3       java.lang.invoke.MemberName::isInvocable (8 bytes)
Event: 0.243 Thread 0x00000210ccedd1e0 nmethod 140 0x00000210b923aa88 code [0x00000210b923aba0, 0x00000210b923ad60]
Event: 0.243 Thread 0x00000210ccedbf90  141       4       java.lang.String::hashCode (60 bytes)
Event: 0.243 Thread 0x00000210ccedd1e0  139       3       java.lang.invoke.MethodType::checkSlotCount (33 bytes)
Event: 0.244 Thread 0x00000210ccedd1e0 nmethod 139 0x00000210b923ad88 code [0x00000210b923af40, 0x00000210b923b5a8]
Event: 0.244 Thread 0x00000210ccedd1e0  144       3       java.util.Objects::requireNonNull (15 bytes)
Event: 0.244 Thread 0x00000210ccedd1e0 nmethod 144 0x00000210b923b608 code [0x00000210b923b740, 0x00000210b923b928]
Event: 0.244 Thread 0x00000210ccedd1e0  142       3       java.util.Arrays::copyOfRange (82 bytes)
Event: 0.245 Thread 0x00000210ccedd1e0 nmethod 142 0x00000210b923b988 code [0x00000210b923bb80, 0x00000210b923c600]
Event: 0.246 Thread 0x00000210ccedbf90 nmethod 141 0x00000210c0ceb988 code [0x00000210c0cebac0, 0x00000210c0cebdc8]
Event: 0.246 Thread 0x00000210ccedd1e0  147       1       java.lang.invoke.MethodType::form (5 bytes)
Event: 0.246 Thread 0x00000210ccedd1e0 nmethod 147 0x00000210c0cebe08 code [0x00000210c0cebf20, 0x00000210c0cebfe8]
Event: 0.246 Thread 0x00000210ccedd1e0  148       3       java.lang.Class::getClassLoader (28 bytes)
Event: 0.247 Thread 0x00000210ccedd1e0 nmethod 148 0x00000210b923c688 code [0x00000210b923c7c0, 0x00000210b923ca10]
Event: 0.248 Thread 0x00000210ccedd1e0  149       3       jdk.internal.misc.Unsafe::putReferenceRelease (9 bytes)
Event: 0.248 Thread 0x00000210ccedd1e0 nmethod 149 0x00000210b923ca88 code [0x00000210b923cba0, 0x00000210b923cd00]
Event: 0.248 Thread 0x00000210ccedd1e0  150       3       java.util.concurrent.ConcurrentHashMap::setTabAt (20 bytes)
Event: 0.248 Thread 0x00000210ccedd1e0 nmethod 150 0x00000210b923cd88 code [0x00000210b923cea0, 0x00000210b923d0b8]
Event: 0.249 Thread 0x00000210ccedd1e0  151 %     3       java.util.Properties$LineReader::readLine @ 224 (584 bytes)

GC Heap History (0 events):
No events

Dll operation events (6 events):
Event: 0.024 Loaded shared library C:\Program Files\Java\jdk-23\bin\java.dll
Event: 0.095 Loaded shared library C:\Program Files\Java\jdk-23\bin\jsvml.dll
Event: 0.207 Loaded shared library C:\Program Files\Java\jdk-23\bin\jimage.dll
Event: 0.219 Loaded shared library C:\Program Files\Java\jdk-23\bin\net.dll
Event: 0.223 Loaded shared library C:\Program Files\Java\jdk-23\bin\nio.dll
Event: 0.227 Loaded shared library C:\Program Files\Java\jdk-23\bin\zip.dll

Deoptimization events (0 events):
No events

Classes loaded (20 events):
Event: 0.242 Loading class java/util/ResourceBundle$3
Event: 0.242 Loading class java/util/ResourceBundle$3 done
Event: 0.244 Loading class sun/security/util/SecurityConstants
Event: 0.244 Loading class sun/security/util/SecurityConstants done
Event: 0.244 Loading class java/net/NetPermission
Event: 0.245 Loading class java/net/NetPermission done
Event: 0.245 Loading class java/security/SecurityPermission
Event: 0.245 Loading class java/security/SecurityPermission done
Event: 0.245 Loading class java/net/SocketPermission
Event: 0.245 Loading class java/net/SocketPermission done
Event: 0.245 Loading class java/lang/reflect/ReflectPermission
Event: 0.246 Loading class java/lang/reflect/ReflectPermission done
Event: 0.250 Loading class sun/awt/resources/awt
Event: 0.250 Loading class sun/awt/resources/awt done
Event: 0.251 Loading class java/util/ResourceBundle$BundleReference
Event: 0.251 Loading class java/util/ResourceBundle$BundleReference done
Event: 0.251 Loading class sun/awt/resources/awt_en
Event: 0.251 Loading class sun/awt/resources/awt_en done
Event: 0.251 Loading class sun/awt/resources/awt_en
Event: 0.251 Loading class sun/awt/resources/awt_en done

Classes unloaded (0 events):
No events

Classes redefined (0 events):
No events

Internal exceptions (1 events):
Event: 0.243 Thread 0x00000210ae9207f0 Exception <a 'java/lang/ClassNotFoundException'{0x00000000892b0a70}: sun/awt/resources/spi/awtProvider> (0x00000000892b0a70) 
thrown [s\open\src\hotspot\share\classfile\systemDictionary.cpp, line 313]

VM Operations (0 events):
No events

Memory protections (0 events):
No events

Nmethod flushes (0 events):
No events

Events (11 events):
Event: 0.071 Thread 0x00000210ae9207f0 Thread added: 0x00000210ae9207f0
Event: 0.088 Thread 0x00000210ae9207f0 Thread added: 0x00000210ccea9800
Event: 0.088 Thread 0x00000210ae9207f0 Thread added: 0x00000210cceaa720
Event: 0.089 Thread 0x00000210ae9207f0 Thread added: 0x00000210cceae6c0
Event: 0.089 Thread 0x00000210ae9207f0 Thread added: 0x00000210cceb1130
Event: 0.089 Thread 0x00000210ae9207f0 Thread added: 0x00000210cceb2330
Event: 0.090 Thread 0x00000210ae9207f0 Thread added: 0x00000210cceb8a40
Event: 0.090 Thread 0x00000210ae9207f0 Thread added: 0x00000210ccedbf90
Event: 0.090 Thread 0x00000210ae9207f0 Thread added: 0x00000210ccedd1e0
Event: 0.130 Thread 0x00000210ae9207f0 Thread added: 0x0000021112125c10
Event: 0.141 Thread 0x00000210ae9207f0 Thread added: 0x0000021112136ed0


Dynamic libraries:
0x00007ff738f20000 - 0x00007ff738f30000 	C:\Program Files\Java\jdk-23\bin\java.exe
0x00007ff86aa20000 - 0x00007ff86ac0e000 	C:\Windows\SYSTEM32\ntdll.dll
0x00007ff846ce0000 - 0x00007ff846cfa000 	C:\Program Files\Avast Software\Avast\aswhook.dll
0x00007ff867ce0000 - 0x00007ff867d93000 	C:\Windows\System32\KERNEL32.DLL
0x00007ff866a80000 - 0x00007ff866d1d000 	C:\Windows\System32\KERNELBASE.dll
0x00007ff867b40000 - 0x00007ff867c3a000 	C:\Windows\System32\ucrtbase.dll
0x00007ff851f10000 - 0x00007ff851f27000 	C:\Program Files\Java\jdk-23\bin\jli.dll
0x00007ff859d60000 - 0x00007ff859d7b000 	C:\Program Files\Java\jdk-23\bin\VCRUNTIME140.dll
0x00007ff86a850000 - 0x00007ff86a9e7000 	C:\Windows\System32\USER32.dll
0x00007ff867a80000 - 0x00007ff867aa0000 	C:\Windows\System32\win32u.dll
0x00007ff868bb0000 - 0x00007ff868bd9000 	C:\Windows\System32\GDI32.dll
0x00007ff8678d0000 - 0x00007ff867a77000 	C:\Windows\System32\gdi32full.dll
0x00007ff867aa0000 - 0x00007ff867b40000 	C:\Windows\System32\msvcp_win.dll
0x00007ff852950000 - 0x00007ff852bc9000 	C:\Windows\WinSxS\amd64_microsoft.windows.common-controls_6595b64144ccf1df_6.0.17763.6532_none_de70be92534bb012\COMCTL32.dll
0x00007ff868fe0000 - 0x00007ff86907e000 	C:\Windows\System32\msvcrt.dll
0x00007ff868cb0000 - 0x00007ff868fda000 	C:\Windows\System32\combase.dll
0x00007ff8687c0000 - 0x00007ff8688d8000 	C:\Windows\System32\RPCRT4.dll
0x00007ff866d80000 - 0x00007ff866e02000 	C:\Windows\System32\bcryptPrimitives.dll
0x00007ff867c40000 - 0x00007ff867c6e000 	C:\Windows\System32\IMM32.DLL
0x00007ff859d50000 - 0x00007ff859d5c000 	C:\Program Files\Java\jdk-23\bin\vcruntime140_1.dll
0x00007ff8469a0000 - 0x00007ff846a2e000 	C:\Program Files\Java\jdk-23\bin\msvcp140.dll
0x00007ff82bef0000 - 0x00007ff82cc3f000 	C:\Program Files\Java\jdk-23\bin\server\jvm.dll
0x00007ff8688e0000 - 0x00007ff868988000 	C:\Windows\System32\ADVAPI32.dll
0x00007ff868990000 - 0x00007ff868a32000 	C:\Windows\System32\sechost.dll
0x00007ff8677f0000 - 0x00007ff867816000 	C:\Windows\System32\bcrypt.dll
0x00007ff866a20000 - 0x00007ff866a7d000 	C:\Windows\System32\POWRPROF.dll
0x00007ff868c40000 - 0x00007ff868cad000 	C:\Windows\System32\WS2_32.dll
0x00007ff863bb0000 - 0x00007ff863bd4000 	C:\Windows\SYSTEM32\WINMM.dll
0x00007ff85d830000 - 0x00007ff85d83a000 	C:\Windows\SYSTEM32\VERSION.dll
0x00007ff863b80000 - 0x00007ff863bad000 	C:\Windows\SYSTEM32\WINMMBASE.dll
0x00007ff8677a0000 - 0x00007ff8677ea000 	C:\Windows\System32\cfgmgr32.dll
0x00007ff8669e0000 - 0x00007ff8669f1000 	C:\Windows\System32\kernel.appcore.dll
0x00007ff859540000 - 0x00007ff85954a000 	C:\Program Files\Java\jdk-23\bin\jimage.dll
0x00007ff85bcb0000 - 0x00007ff85be9d000 	C:\Windows\SYSTEM32\DBGHELP.DLL
0x00007ff85bbb0000 - 0x00007ff85bbda000 	C:\Windows\SYSTEM32\dbgcore.DLL
0x00007ff857860000 - 0x00007ff85787e000 	C:\Program Files\Java\jdk-23\bin\java.dll
0x00007ff8690e0000 - 0x00007ff869236000 	C:\Windows\System32\ole32.dll
0x00007ff869240000 - 0x00007ff86a738000 	C:\Windows\System32\SHELL32.dll
0x00007ff867e40000 - 0x00007ff867ee7000 	C:\Windows\System32\shcore.dll
0x00007ff866e30000 - 0x00007ff867578000 	C:\Windows\System32\windows.storage.dll
0x00007ff8669b0000 - 0x00007ff8669d3000 	C:\Windows\System32\profapi.dll
0x00007ff869080000 - 0x00007ff8690d2000 	C:\Windows\System32\shlwapi.dll
0x00007ff866e10000 - 0x00007ff866e2b000 	C:\Windows\System32\cryptsp.dll
0x00007ff8365f0000 - 0x00007ff8366c7000 	C:\Program Files\Java\jdk-23\bin\jsvml.dll
0x00007ff858e00000 - 0x00007ff858e10000 	C:\Program Files\Java\jdk-23\bin\net.dll
0x00007ff8661a0000 - 0x00007ff866207000 	C:\Windows\system32\mswsock.dll
0x00007ff857840000 - 0x00007ff857856000 	C:\Program Files\Java\jdk-23\bin\nio.dll
0x00007ff857820000 - 0x00007ff857837000 	C:\Program Files\Java\jdk-23\bin\zip.dll

dbghelp: loaded successfully - version: 4.0.5 - missing functions: none
symbol engine: initialized successfully - sym options: 0x614 - pdb path: .;C:\Program Files\Java\jdk-23\bin;C:\Windows\SYSTEM32;C:\Program Files\Avast Software\Avast;C:\Windows\WinSxS\amd64_microsoft.windows.common-controls_6595b64144ccf1df_6.0.17763.6532_none_de70be92534bb012;C:\Program Files\Java\jdk-23\bin\server

VM Arguments:
java_command: com.mycompany.gymproject.Main
java_class_path (initial): C:\Users\Haneen\Desktop\farida emad\gym_2\target\classes;C:\Users\Haneen\.m2\repository\org\netbeans\external\AbsoluteLayout\RELEASE230\AbsoluteLayout-RELEASE230.jar
Launcher Type: SUN_STANDARD

[Global flags]
     intx CICompilerCount                          = 3                                         {product} {ergonomic}
     uint ConcGCThreads                            = 1                                         {product} {ergonomic}
     uint G1ConcRefinementThreads                  = 4                                         {product} {ergonomic}
   size_t G1HeapRegionSize                         = 1048576                                   {product} {ergonomic}
   size_t InitialHeapSize                          = 134217728                                 {product} {ergonomic}
   size_t MarkStackSize                            = 4194304                                   {product} {ergonomic}
   size_t MarkStackSizeMax                         = 536870912                                 {product} {ergonomic}
   size_t MaxHeapSize                              = 2126512128                                {product} {ergonomic}
   size_t MaxNewSize                               = 1275068416                                {product} {ergonomic}
   size_t MinHeapDeltaBytes                        = 1048576                                   {product} {ergonomic}
   size_t MinHeapSize                              = 8388608                                   {product} {ergonomic}
    uintx NonNMethodCodeHeapSize                   = 5832704                                {pd product} {ergonomic}
    uintx NonProfiledCodeHeapSize                  = 122945536                              {pd product} {ergonomic}
    uintx ProfiledCodeHeapSize                     = 122880000                              {pd product} {ergonomic}
    uintx ReservedCodeCacheSize                    = 251658240                              {pd product} {ergonomic}
     bool SegmentedCodeCache                       = true                                      {product} {ergonomic}
   size_t SoftMaxHeapSize                          = 2126512128                             {manageable} {ergonomic}
     bool UseCompressedOops                        = true                           {product lp64_product} {ergonomic}
     bool UseG1GC                                  = true                                      {product} {ergonomic}
     bool UseLargePagesIndividualAllocation        = false                                  {pd product} {ergonomic}

Logging:
Log output configuration:
 #0: stdout all=warning uptime,level,tags foldmultilines=false
 #1: stderr all=off uptime,level,tags foldmultilines=false

Environment Variables:
JAVA_HOME=C:\Program Files\Java\jdk-23
PATH=C:\Program Files\Common Files\Oracle\Java\javapath;C:\Windows\system32;C:\Windows;C:\Windows\System32\Wbem;C:\Windows\System32\WindowsPowerShell\v1.0\;C:\Windows\System32\OpenSSH\;C:\Program Files (x86)\Microsoft SQL Server\100\Tools\Binn\;C:\Program Files\Microsoft SQL Server\100\Tools\Binn\;C:\Program Files\Microsoft SQL Server\100\DTS\Binn\;C:\Users\Haneen\AppData\Local\Microsoft\WindowsApps;;C:\Users\Haneen\AppData\Local\Programs\Microsoft VS Code\bin
USERNAME=Haneen
OS=Windows_NT
PROCESSOR_IDENTIFIER=Intel64 Family 6 Model 61 Stepping 4, GenuineIntel
TMP=C:\Users\Haneen\AppData\Local\Temp
TEMP=C:\Users\Haneen\AppData\Local\Temp




Periodic native trim disabled

---------------  S Y S T E M  ---------------

OS:
 Windows 10 , 64 bit Build 17763 (10.0.17763.6292)
OS uptime: 8 days 11:57 hours

CPU: total 4 (initial active 4) (2 cores per cpu, 2 threads per core) family 6 model 61 stepping 4 microcode 0x2f, cx8, cmov, fxsr, ht, mmx, 3dnowpref, sse, sse2, sse3, ssse3, sse4.1, sse4.2, popcnt, lzcnt, tsc, tscinvbit, avx, avx2, aes, erms, clmul, bmi1, bmi2, adx, fma, vzeroupper, clflush, rdtscp, f16c
Processor Information for the first 4 processors :
  Max Mhz: 2201, Current Mhz: 2201, Mhz Limit: 2201

Memory: 4k page, system-wide physical 8110M (1213M free)
TotalPageFile size 14234M (AvailPageFile size 1M)
current process WorkingSet (physical memory assigned to process): 38M, peak: 38M
current process commit charge ("private bytes"): 203M, peak: 203M

vm_info: Java HotSpot(TM) 64-Bit Server VM (23.0.1+11-39) for windows-amd64 JRE (23.0.1+11-39), built on 2024-09-30T07:20:43Z with MS VC++ 17.6 (VS2022)

END.
