#
# There is insufficient memory for the Java Runtime Environment to continue.
# Native memory allocation (mmap) failed to map 65536 bytes. Error detail: Failed to commit metaspace.
# Possible reasons:
#   The system is out of physical RAM or swap space
#   This process is running with CompressedOops enabled, and the Java Heap may be blocking the growth of the native heap
# Possible solutions:
#   Reduce memory load on the system
#   Increase physical memory or swap space
#   Check if swap backing store is full
#   Decrease Java heap size (-Xmx/-Xms)
#   Decrease number of Java threads
#   Decrease Java thread stack sizes (-Xss)
#   Set larger code cache with -XX:ReservedCodeCacheSize=
#   JVM is running with Unscaled Compressed Oops mode in which the Java heap is
#     placed in the first 4GB address space. The Java Heap base address is the
#     maximum limit for the native heap growth. Please use -XX:HeapBaseMinAddress
#     to set the Java Heap base and to place the Java Heap above 4GB virtual address.
# This output file may be truncated or incomplete.
#
#  Out of Memory Error (virtualSpaceNode.cpp:113), pid=8056, tid=3540
#
# JRE version: Java(TM) SE Runtime Environment (23.0.1+11) (build 23.0.1+11-39)
# Java VM: Java HotSpot(TM) 64-Bit Server VM (23.0.1+11-39, mixed mode, tiered, compressed oops, compressed class ptrs, g1 gc, windows-amd64)
# No core dump will be written. Minidumps are not enabled by default on client versions of Windows
#

---------------  S U M M A R Y ------------

Command Line: -Dclassworlds.conf=C:\Program Files\NetBeans-23\netbeans\java\maven\bin\m2.conf -Dmaven.home=C:\Program Files\NetBeans-23\netbeans\java\maven -Dlibrary.jansi.path=C:\Program Files\NetBeans-23\netbeans\java\maven\lib\jansi-native -Dmaven.multiModuleProjectDirectory=C:\Users\Haneen\Desktop\farida emad\GYMPROJECT org.codehaus.plexus.classworlds.launcher.Launcher -Dexec.args=-classpath %classpath com.mycompany.gymproject.Main -Dexec.executable=C:\Program Files\Java\jdk-23\bin\java.exe -Dexec.vmArgs= -Dexec.appArgs= -Dmaven.ext.class.path=C:\Program Files\NetBeans-23\netbeans\java\maven-nblib\netbeans-eventspy.jar --no-transfer-progress process-classes org.codehaus.mojo:exec-maven-plugin:1.5.0:exec

Host: Intel(R) Core(TM) i5-5200U CPU @ 2.20GHz, 4 cores, 7G,  Windows 10 , 64 bit Build 17763 (10.0.17763.6292)
Time: Thu Dec 12 00:45:30 2024 Egypt Standard Time elapsed time: 0.561300 seconds (0d 0h 0m 0s)

---------------  T H R E A D  ---------------

Current thread (0x000001cdebe60c20):  JavaThread "main"             [_thread_in_vm, id=3540, stack(0x000000623b200000,0x000000623b300000) (1024K)]

Stack: [0x000000623b200000,0x000000623b300000]
Native frames: (J=compiled Java code, j=interpreted, Vv=VM code, C=native code)
V  [jvm.dll+0x6e08b9]  (no source info available)
V  [jvm.dll+0x87dc83]  (no source info available)
V  [jvm.dll+0x88010e]  (no source info available)
V  [jvm.dll+0x8807e3]  (no source info available)
V  [jvm.dll+0x27aee6]  (no source info available)
V  [jvm.dll+0x87988e]  (no source info available)
V  [jvm.dll+0x682035]  (no source info available)
V  [jvm.dll+0x1e09dc]  (no source info available)
V  [jvm.dll+0x1e07ae]  (no source info available)
V  [jvm.dll+0x684988]  (no source info available)
V  [jvm.dll+0x2219dc]  (no source info available)
V  [jvm.dll+0x682a4e]  (no source info available)
V  [jvm.dll+0x26509f]  (no source info available)
V  [jvm.dll+0x68cde4]  (no source info available)
V  [jvm.dll+0x211fe1]  (no source info available)
V  [jvm.dll+0x21244a]  (no source info available)
V  [jvm.dll+0x212e71]  (no source info available)
V  [jvm.dll+0x20811e]  (no source info available)
V  [jvm.dll+0x5be6df]  (no source info available)
V  [jvm.dll+0x219b2b]  (no source info available)
V  [jvm.dll+0x7f3130]  (no source info available)
V  [jvm.dll+0x7f41d6]  (no source info available)
V  [jvm.dll+0x7f47e4]  (no source info available)
V  [jvm.dll+0x7f4468]  (no source info available)
V  [jvm.dll+0x2689cb]  (no source info available)
V  [jvm.dll+0x3d1e3e]  (no source info available)
C  0x000001cd8754a1c3  (no source info available)

The last pc belongs to new (printed below).
Java frames: (J=compiled Java code, j=interpreted, Vv=VM code)
j  java.nio.DirectByteBuffer.<init>(I)V+124 java.base@23.0.1
j  java.nio.ByteBuffer.allocateDirect(I)Ljava/nio/ByteBuffer;+5 java.base@23.0.1
j  sun.nio.ch.Util.getTemporaryDirectBuffer(I)Ljava/nio/ByteBuffer;+51 java.base@23.0.1
j  sun.nio.ch.IOUtil.read(Ljava/io/FileDescriptor;Ljava/nio/ByteBuffer;JZZILsun/nio/ch/NativeDispatcher;)I+71 java.base@23.0.1
j  sun.nio.ch.IOUtil.read(Ljava/io/FileDescriptor;Ljava/nio/ByteBuffer;JZILsun/nio/ch/NativeDispatcher;)I+10 java.base@23.0.1
j  sun.nio.ch.FileChannelImpl.implRead(Ljava/nio/ByteBuffer;)I+148 java.base@23.0.1
j  sun.nio.ch.FileChannelImpl.read(Ljava/nio/ByteBuffer;)I+20 java.base@23.0.1
j  sun.nio.ch.ChannelInputStream.read(Ljava/nio/ByteBuffer;)I+64 java.base@23.0.1
j  sun.nio.ch.ChannelInputStream.read([BII)I+73 java.base@23.0.1
j  sun.nio.cs.StreamDecoder.readBytes()I+117 java.base@23.0.1
j  sun.nio.cs.StreamDecoder.implRead([CII)I+112 java.base@23.0.1
j  sun.nio.cs.StreamDecoder.lockedRead([CII)I+158 java.base@23.0.1
j  sun.nio.cs.StreamDecoder.read([CII)I+30 java.base@23.0.1
j  java.io.InputStreamReader.read([CII)I+7 java.base@23.0.1
j  java.io.BufferedReader.fill()V+145 java.base@23.0.1
j  java.io.BufferedReader.implReadLine(Z[Z)Ljava/lang/String;+44 java.base@23.0.1
j  java.io.BufferedReader.readLine(Z[Z)Ljava/lang/String;+26 java.base@23.0.1
j  java.io.BufferedReader.readLine()Ljava/lang/String;+3 java.base@23.0.1
j  org.codehaus.plexus.classworlds.launcher.ConfigurationParser.parse(Ljava/io/InputStream;)V+29
j  org.codehaus.plexus.classworlds.launcher.Configurator.configure(Ljava/io/InputStream;)V+60
j  org.codehaus.plexus.classworlds.launcher.Launcher.configure(Ljava/io/InputStream;)V+11
j  org.codehaus.plexus.classworlds.launcher.Launcher.mainWithExitCode([Ljava/lang/String;)I+99
j  org.codehaus.plexus.classworlds.launcher.Launcher.main([Ljava/lang/String;)V+1
v  ~StubRoutines::call_stub 0x000001cd87530fb8
Lock stack of current Java thread (top to bottom):
LockStack[1]: java.lang.Object 
{0x0000000089299688} - klass: 'java/lang/Object'
 - ---- fields (total size 2 words):
LockStack[0]: sun.nio.ch.ChannelInputStream 
{0x0000000089299ca8} - klass: 'sun/nio/ch/ChannelInputStream'
 - ---- fields (total size 4 words):
 - private final 'ch' 'Ljava/nio/channels/ReadableByteChannel;' @12  a 'sun/nio/ch/FileChannelImpl'{0x0000000089299480} (0x89299480)
 - private 'bb' 'Ljava/nio/ByteBuffer;' @16  a 'java/nio/HeapByteBuffer'{0x00000000892afdc8} (0x892afdc8)
 - private 'bs' '[B' @20  [B{0x00000000892a9d30} (0x892a9d30)
 - private 'b1' '[B' @24  null (0x00000000)

new  187 new  [0x000001cd8754a060, 0x000001cd8754a240]  480 bytes
[MachCode]
  0x000001cd8754a060: 4883 ec08 | c5fa 1104 | 24eb 1f48 | 83ec 10c5 | fb11 0424 | eb14 4883 | ec10 4889 | 0424 48c7 
  0x000001cd8754a080: 4424 0800 | 0000 00eb | 0150 410f | b755 010f | cac1 ea10 | 488b 4de8 | 488b 4908 | 488b 4908 
  0x000001cd8754a0a0: 488b 4108 | 807c 1004 | 070f 85be | 0000 0066 | 8b54 d148 | 488b 4928 | 488b 4cd1 | 0851 80b9 
  0x000001cd8754a0c0: 3101 0000 | 040f 840d | 0000 004c | 3bb9 3801 | 0000 0f85 | 9400 0000 | 8b51 08f6 | c201 0f85 
  0x000001cd8754a0e0: 8800 0000 | 498b 87b8 | 0100 0048 | 8d1c 1049 | 3b9f c801 | 0000 0f87 | 7000 0000 | 4989 9fb8 
  0x000001cd8754a100: 0100 0048 | 83ea 100f | 840f 0000 | 0033 c9c1 | ea03 4889 | 4cd0 0848 | ffca 75f6 | 48c7 0001 
  0x000001cd8754a120: 0000 0059 | 33f6 8970 | 0c89 4808 | 803d 0f0c | e366 000f | 842e 0000 | 0050 488b | c848 83ec 
  0x000001cd8754a140: 2040 f6c4 | 0f0f 8412 | 0000 0048 | 83ec 08e8 | fc4c 9366 | 4883 c408 | e905 0000 | 00e8 ee4c 
  0x000001cd8754a160: 9366 4883 | c420 58e9 | bd00 0000 | 5948 8b55 | e848 8b52 | 0848 8b52 | 0845 0fb7 | 4501 410f 
  0x000001cd8754a180: c841 c1e8 | 10e8 0500 | 0000 e99a | 0000 0048 | 8d44 2408 | 4c89 6dc0 | 498b cfc5 | f877 4989 
  0x000001cd8754a1a0: afb0 0300 | 0049 8987 | a003 0000 | 4883 ec20 | 40f6 c40f | 0f84 1200 | 0000 4883 | ec08 e82d 
  0x000001cd8754a1c0: 7c5b 6648 | 83c4 08e9 | 0500 0000 | e81f 7c5b | 6648 83c4 | 2049 c787 | a003 0000 | 0000 0000 
  0x000001cd8754a1e0: 49c7 87b0 | 0300 0000 | 0000 0049 | c787 a803 | 0000 0000 | 0000 c5f8 | 7749 837f | 0800 0f84 
  0x000001cd8754a200: 0500 0000 | e9b7 6cfe | ff49 8b87 | f803 0000 | 49c7 87f8 | 0300 0000 | 0000 004c | 8b6d c04c 
  0x000001cd8754a220: 8b75 c84e | 8d74 f500 | c341 0fb6 | 5d03 4983 | c503 49ba | 5076 3bee | cd01 0000 | 41ff 24da 
[/MachCode]

---------------  P R O C E S S  ---------------

Threads class SMR info:
_java_thread_list=0x000001cd93208c30, length=11, elements={
0x000001cdebe60c20, 0x000001cd93064790, 0x000001cd930667b0, 0x000001cd9306e680,
0x000001cd9306f0e0, 0x000001cd9306fcf0, 0x000001cd9307e7a0, 0x000001cd9307f6e0,
0x000001cd93080340, 0x000001cd9322ea20, 0x000001cd9323b8c0
}

Java Threads: ( => current thread )
=>0x000001cdebe60c20 JavaThread "main"                              [_thread_in_vm, id=3540, stack(0x000000623b200000,0x000000623b300000) (1024K)]
  0x000001cd93064790 JavaThread "Reference Handler"          daemon [_thread_blocked, id=13800, stack(0x000000623ba00000,0x000000623bb00000) (1024K)]
  0x000001cd930667b0 JavaThread "Finalizer"                  daemon [_thread_blocked, id=14684, stack(0x000000623bb00000,0x000000623bc00000) (1024K)]
  0x000001cd9306e680 JavaThread "Signal Dispatcher"          daemon [_thread_blocked, id=1376, stack(0x000000623bc00000,0x000000623bd00000) (1024K)]
  0x000001cd9306f0e0 JavaThread "Attach Listener"            daemon [_thread_blocked, id=11868, stack(0x000000623bd00000,0x000000623be00000) (1024K)]
  0x000001cd9306fcf0 JavaThread "Service Thread"             daemon [_thread_blocked, id=404, stack(0x000000623be00000,0x000000623bf00000) (1024K)]
  0x000001cd9307e7a0 JavaThread "Monitor Deflation Thread"   daemon [_thread_blocked, id=9660, stack(0x000000623bf00000,0x000000623c000000) (1024K)]
  0x000001cd9307f6e0 JavaThread "C2 CompilerThread0"         daemon [_thread_blocked, id=15816, stack(0x000000623c000000,0x000000623c100000) (1024K)]
  0x000001cd93080340 JavaThread "C1 CompilerThread0"         daemon [_thread_blocked, id=6132, stack(0x000000623c100000,0x000000623c200000) (1024K)]
  0x000001cd9322ea20 JavaThread "Notification Thread"        daemon [_thread_blocked, id=3848, stack(0x000000623c200000,0x000000623c300000) (1024K)]
  0x000001cd9323b8c0 JavaThread "Common-Cleaner"             daemon [_thread_blocked, id=6984, stack(0x000000623c300000,0x000000623c400000) (1024K)]
Total: 11

Other Threads:
  0x000001cdfc1661a0 VMThread "VM Thread"                           [id=14184, stack(0x000000623b900000,0x000000623ba00000) (1024K)]
  0x000001cdfc151130 WatcherThread "VM Periodic Task Thread"        [id=11404, stack(0x000000623b800000,0x000000623b900000) (1024K)]
  0x000001cdeee1df80 WorkerThread "GC Thread#0"                     [id=13816, stack(0x000000623b300000,0x000000623b400000) (1024K)]
  0x000001cdeee33320 ConcurrentGCThread "G1 Main Marker"            [id=8652, stack(0x000000623b400000,0x000000623b500000) (1024K)]
  0x000001cdeee345d0 WorkerThread "G1 Conc#0"                       [id=11500, stack(0x000000623b500000,0x000000623b600000) (1024K)]
  0x000001cdeee7ea40 ConcurrentGCThread "G1 Refine#0"               [id=11880, stack(0x000000623b600000,0x000000623b700000) (1024K)]
  0x000001cdfc0177f0 ConcurrentGCThread "G1 Service"                [id=8528, stack(0x000000623b700000,0x000000623b800000) (1024K)]
Total: 7

Threads with active compile tasks:
Total: 0

VM state: not at safepoint (normal execution)

VM Mutex/Monitor currently owned by a thread:  ([mutex/lock_event])
[0x000001cdee3a1890] Metaspace_lock - owner thread: 0x000001cdebe60c20

Heap address: 0x0000000081400000, size: 2028 MB, Compressed Oops mode: 32-bit

CDS archive(s) not mapped
Compressed class space mapped at: 0x0000000019000000-0x0000000059000000, reserved size: 1073741824
Narrow klass base: 0x0000000000000000, Narrow klass shift: 0, Narrow klass range: 0x59000000

GC Precious Log:
 CardTable entry size: 512
 Card Set container configuration: InlinePtr #cards 5 size 8 Array Of Cards #cards 10 size 36 Howl #buckets 4 coarsen threshold 1843 Howl Bitmap #cards 512 size 80 coarsen threshold 460 Card regions per heap region 1 cards per card region 2048
 CPUs: 4 total, 4 available
 Memory: 8110M
 Large Page Support: Disabled
 NUMA Support: Disabled
 Compressed Oops: Enabled (32-bit)
 Heap Region Size: 1M
 Heap Min Capacity: 8M
 Heap Initial Capacity: 128M
 Heap Max Capacity: 2028M
 Pre-touch: Disabled
 Parallel Workers: 4
 Concurrent Workers: 1
 Concurrent Refinement Workers: 4
 Periodic GC: Disabled

Heap:
 garbage-first heap   total reserved 2076672K, committed 131072K, used 1024K [0x0000000081400000, 0x0000000100000000)
  region size 1024K, 2 young (2048K), 0 survivors (0K)
 Metaspace       used 5660K, committed 5696K, reserved 1114112K
  class space    used 489K, committed 512K, reserved 1048576K

Heap Regions: E=young(eden), S=young(survivor), O=old, HS=humongous(starts), HC=humongous(continues), CS=collection set, F=free, TAMS=top-at-mark-start, PB=parsable bottom
|   0|0x0000000081400000, 0x0000000081400000, 0x0000000081500000|  0%| F|  |TAMS 0x0000000081400000| PB 0x0000000081400000| Untracked |  0
|   1|0x0000000081500000, 0x0000000081500000, 0x0000000081600000|  0%| F|  |TAMS 0x0000000081500000| PB 0x0000000081500000| Untracked |  0
|   2|0x0000000081600000, 0x0000000081600000, 0x0000000081700000|  0%| F|  |TAMS 0x0000000081600000| PB 0x0000000081600000| Untracked |  0
|   3|0x0000000081700000, 0x0000000081700000, 0x0000000081800000|  0%| F|  |TAMS 0x0000000081700000| PB 0x0000000081700000| Untracked |  0
|   4|0x0000000081800000, 0x0000000081800000, 0x0000000081900000|  0%| F|  |TAMS 0x0000000081800000| PB 0x0000000081800000| Untracked |  0
|   5|0x0000000081900000, 0x0000000081900000, 0x0000000081a00000|  0%| F|  |TAMS 0x0000000081900000| PB 0x0000000081900000| Untracked |  0
|   6|0x0000000081a00000, 0x0000000081a00000, 0x0000000081b00000|  0%| F|  |TAMS 0x0000000081a00000| PB 0x0000000081a00000| Untracked |  0
|   7|0x0000000081b00000, 0x0000000081b00000, 0x0000000081c00000|  0%| F|  |TAMS 0x0000000081b00000| PB 0x0000000081b00000| Untracked |  0
|   8|0x0000000081c00000, 0x0000000081c00000, 0x0000000081d00000|  0%| F|  |TAMS 0x0000000081c00000| PB 0x0000000081c00000| Untracked |  0
|   9|0x0000000081d00000, 0x0000000081d00000, 0x0000000081e00000|  0%| F|  |TAMS 0x0000000081d00000| PB 0x0000000081d00000| Untracked |  0
|  10|0x0000000081e00000, 0x0000000081e00000, 0x0000000081f00000|  0%| F|  |TAMS 0x0000000081e00000| PB 0x0000000081e00000| Untracked |  0
|  11|0x0000000081f00000, 0x0000000081f00000, 0x0000000082000000|  0%| F|  |TAMS 0x0000000081f00000| PB 0x0000000081f00000| Untracked |  0
|  12|0x0000000082000000, 0x0000000082000000, 0x0000000082100000|  0%| F|  |TAMS 0x0000000082000000| PB 0x0000000082000000| Untracked |  0
|  13|0x0000000082100000, 0x0000000082100000, 0x0000000082200000|  0%| F|  |TAMS 0x0000000082100000| PB 0x0000000082100000| Untracked |  0
|  14|0x0000000082200000, 0x0000000082200000, 0x0000000082300000|  0%| F|  |TAMS 0x0000000082200000| PB 0x0000000082200000| Untracked |  0
|  15|0x0000000082300000, 0x0000000082300000, 0x0000000082400000|  0%| F|  |TAMS 0x0000000082300000| PB 0x0000000082300000| Untracked |  0
|  16|0x0000000082400000, 0x0000000082400000, 0x0000000082500000|  0%| F|  |TAMS 0x0000000082400000| PB 0x0000000082400000| Untracked |  0
|  17|0x0000000082500000, 0x0000000082500000, 0x0000000082600000|  0%| F|  |TAMS 0x0000000082500000| PB 0x0000000082500000| Untracked |  0
|  18|0x0000000082600000, 0x0000000082600000, 0x0000000082700000|  0%| F|  |TAMS 0x0000000082600000| PB 0x0000000082600000| Untracked |  0
|  19|0x0000000082700000, 0x0000000082700000, 0x0000000082800000|  0%| F|  |TAMS 0x0000000082700000| PB 0x0000000082700000| Untracked |  0
|  20|0x0000000082800000, 0x0000000082800000, 0x0000000082900000|  0%| F|  |TAMS 0x0000000082800000| PB 0x0000000082800000| Untracked |  0
|  21|0x0000000082900000, 0x0000000082900000, 0x0000000082a00000|  0%| F|  |TAMS 0x0000000082900000| PB 0x0000000082900000| Untracked |  0
|  22|0x0000000082a00000, 0x0000000082a00000, 0x0000000082b00000|  0%| F|  |TAMS 0x0000000082a00000| PB 0x0000000082a00000| Untracked |  0
|  23|0x0000000082b00000, 0x0000000082b00000, 0x0000000082c00000|  0%| F|  |TAMS 0x0000000082b00000| PB 0x0000000082b00000| Untracked |  0
|  24|0x0000000082c00000, 0x0000000082c00000, 0x0000000082d00000|  0%| F|  |TAMS 0x0000000082c00000| PB 0x0000000082c00000| Untracked |  0
|  25|0x0000000082d00000, 0x0000000082d00000, 0x0000000082e00000|  0%| F|  |TAMS 0x0000000082d00000| PB 0x0000000082d00000| Untracked |  0
|  26|0x0000000082e00000, 0x0000000082e00000, 0x0000000082f00000|  0%| F|  |TAMS 0x0000000082e00000| PB 0x0000000082e00000| Untracked |  0
|  27|0x0000000082f00000, 0x0000000082f00000, 0x0000000083000000|  0%| F|  |TAMS 0x0000000082f00000| PB 0x0000000082f00000| Untracked |  0
|  28|0x0000000083000000, 0x0000000083000000, 0x0000000083100000|  0%| F|  |TAMS 0x0000000083000000| PB 0x0000000083000000| Untracked |  0
|  29|0x0000000083100000, 0x0000000083100000, 0x0000000083200000|  0%| F|  |TAMS 0x0000000083100000| PB 0x0000000083100000| Untracked |  0
|  30|0x0000000083200000, 0x0000000083200000, 0x0000000083300000|  0%| F|  |TAMS 0x0000000083200000| PB 0x0000000083200000| Untracked |  0
|  31|0x0000000083300000, 0x0000000083300000, 0x0000000083400000|  0%| F|  |TAMS 0x0000000083300000| PB 0x0000000083300000| Untracked |  0
|  32|0x0000000083400000, 0x0000000083400000, 0x0000000083500000|  0%| F|  |TAMS 0x0000000083400000| PB 0x0000000083400000| Untracked |  0
|  33|0x0000000083500000, 0x0000000083500000, 0x0000000083600000|  0%| F|  |TAMS 0x0000000083500000| PB 0x0000000083500000| Untracked |  0
|  34|0x0000000083600000, 0x0000000083600000, 0x0000000083700000|  0%| F|  |TAMS 0x0000000083600000| PB 0x0000000083600000| Untracked |  0
|  35|0x0000000083700000, 0x0000000083700000, 0x0000000083800000|  0%| F|  |TAMS 0x0000000083700000| PB 0x0000000083700000| Untracked |  0
|  36|0x0000000083800000, 0x0000000083800000, 0x0000000083900000|  0%| F|  |TAMS 0x0000000083800000| PB 0x0000000083800000| Untracked |  0
|  37|0x0000000083900000, 0x0000000083900000, 0x0000000083a00000|  0%| F|  |TAMS 0x0000000083900000| PB 0x0000000083900000| Untracked |  0
|  38|0x0000000083a00000, 0x0000000083a00000, 0x0000000083b00000|  0%| F|  |TAMS 0x0000000083a00000| PB 0x0000000083a00000| Untracked |  0
|  39|0x0000000083b00000, 0x0000000083b00000, 0x0000000083c00000|  0%| F|  |TAMS 0x0000000083b00000| PB 0x0000000083b00000| Untracked |  0
|  40|0x0000000083c00000, 0x0000000083c00000, 0x0000000083d00000|  0%| F|  |TAMS 0x0000000083c00000| PB 0x0000000083c00000| Untracked |  0
|  41|0x0000000083d00000, 0x0000000083d00000, 0x0000000083e00000|  0%| F|  |TAMS 0x0000000083d00000| PB 0x0000000083d00000| Untracked |  0
|  42|0x0000000083e00000, 0x0000000083e00000, 0x0000000083f00000|  0%| F|  |TAMS 0x0000000083e00000| PB 0x0000000083e00000| Untracked |  0
|  43|0x0000000083f00000, 0x0000000083f00000, 0x0000000084000000|  0%| F|  |TAMS 0x0000000083f00000| PB 0x0000000083f00000| Untracked |  0
|  44|0x0000000084000000, 0x0000000084000000, 0x0000000084100000|  0%| F|  |TAMS 0x0000000084000000| PB 0x0000000084000000| Untracked |  0
|  45|0x0000000084100000, 0x0000000084100000, 0x0000000084200000|  0%| F|  |TAMS 0x0000000084100000| PB 0x0000000084100000| Untracked |  0
|  46|0x0000000084200000, 0x0000000084200000, 0x0000000084300000|  0%| F|  |TAMS 0x0000000084200000| PB 0x0000000084200000| Untracked |  0
|  47|0x0000000084300000, 0x0000000084300000, 0x0000000084400000|  0%| F|  |TAMS 0x0000000084300000| PB 0x0000000084300000| Untracked |  0
|  48|0x0000000084400000, 0x0000000084400000, 0x0000000084500000|  0%| F|  |TAMS 0x0000000084400000| PB 0x0000000084400000| Untracked |  0
|  49|0x0000000084500000, 0x0000000084500000, 0x0000000084600000|  0%| F|  |TAMS 0x0000000084500000| PB 0x0000000084500000| Untracked |  0
|  50|0x0000000084600000, 0x0000000084600000, 0x0000000084700000|  0%| F|  |TAMS 0x0000000084600000| PB 0x0000000084600000| Untracked |  0
|  51|0x0000000084700000, 0x0000000084700000, 0x0000000084800000|  0%| F|  |TAMS 0x0000000084700000| PB 0x0000000084700000| Untracked |  0
|  52|0x0000000084800000, 0x0000000084800000, 0x0000000084900000|  0%| F|  |TAMS 0x0000000084800000| PB 0x0000000084800000| Untracked |  0
|  53|0x0000000084900000, 0x0000000084900000, 0x0000000084a00000|  0%| F|  |TAMS 0x0000000084900000| PB 0x0000000084900000| Untracked |  0
|  54|0x0000000084a00000, 0x0000000084a00000, 0x0000000084b00000|  0%| F|  |TAMS 0x0000000084a00000| PB 0x0000000084a00000| Untracked |  0
|  55|0x0000000084b00000, 0x0000000084b00000, 0x0000000084c00000|  0%| F|  |TAMS 0x0000000084b00000| PB 0x0000000084b00000| Untracked |  0
|  56|0x0000000084c00000, 0x0000000084c00000, 0x0000000084d00000|  0%| F|  |TAMS 0x0000000084c00000| PB 0x0000000084c00000| Untracked |  0
|  57|0x0000000084d00000, 0x0000000084d00000, 0x0000000084e00000|  0%| F|  |TAMS 0x0000000084d00000| PB 0x0000000084d00000| Untracked |  0
|  58|0x0000000084e00000, 0x0000000084e00000, 0x0000000084f00000|  0%| F|  |TAMS 0x0000000084e00000| PB 0x0000000084e00000| Untracked |  0
|  59|0x0000000084f00000, 0x0000000084f00000, 0x0000000085000000|  0%| F|  |TAMS 0x0000000084f00000| PB 0x0000000084f00000| Untracked |  0
|  60|0x0000000085000000, 0x0000000085000000, 0x0000000085100000|  0%| F|  |TAMS 0x0000000085000000| PB 0x0000000085000000| Untracked |  0
|  61|0x0000000085100000, 0x0000000085100000, 0x0000000085200000|  0%| F|  |TAMS 0x0000000085100000| PB 0x0000000085100000| Untracked |  0
|  62|0x0000000085200000, 0x0000000085200000, 0x0000000085300000|  0%| F|  |TAMS 0x0000000085200000| PB 0x0000000085200000| Untracked |  0
|  63|0x0000000085300000, 0x0000000085300000, 0x0000000085400000|  0%| F|  |TAMS 0x0000000085300000| PB 0x0000000085300000| Untracked |  0
|  64|0x0000000085400000, 0x0000000085400000, 0x0000000085500000|  0%| F|  |TAMS 0x0000000085400000| PB 0x0000000085400000| Untracked |  0
|  65|0x0000000085500000, 0x0000000085500000, 0x0000000085600000|  0%| F|  |TAMS 0x0000000085500000| PB 0x0000000085500000| Untracked |  0
|  66|0x0000000085600000, 0x0000000085600000, 0x0000000085700000|  0%| F|  |TAMS 0x0000000085600000| PB 0x0000000085600000| Untracked |  0
|  67|0x0000000085700000, 0x0000000085700000, 0x0000000085800000|  0%| F|  |TAMS 0x0000000085700000| PB 0x0000000085700000| Untracked |  0
|  68|0x0000000085800000, 0x0000000085800000, 0x0000000085900000|  0%| F|  |TAMS 0x0000000085800000| PB 0x0000000085800000| Untracked |  0
|  69|0x0000000085900000, 0x0000000085900000, 0x0000000085a00000|  0%| F|  |TAMS 0x0000000085900000| PB 0x0000000085900000| Untracked |  0
|  70|0x0000000085a00000, 0x0000000085a00000, 0x0000000085b00000|  0%| F|  |TAMS 0x0000000085a00000| PB 0x0000000085a00000| Untracked |  0
|  71|0x0000000085b00000, 0x0000000085b00000, 0x0000000085c00000|  0%| F|  |TAMS 0x0000000085b00000| PB 0x0000000085b00000| Untracked |  0
|  72|0x0000000085c00000, 0x0000000085c00000, 0x0000000085d00000|  0%| F|  |TAMS 0x0000000085c00000| PB 0x0000000085c00000| Untracked |  0
|  73|0x0000000085d00000, 0x0000000085d00000, 0x0000000085e00000|  0%| F|  |TAMS 0x0000000085d00000| PB 0x0000000085d00000| Untracked |  0
|  74|0x0000000085e00000, 0x0000000085e00000, 0x0000000085f00000|  0%| F|  |TAMS 0x0000000085e00000| PB 0x0000000085e00000| Untracked |  0
|  75|0x0000000085f00000, 0x0000000085f00000, 0x0000000086000000|  0%| F|  |TAMS 0x0000000085f00000| PB 0x0000000085f00000| Untracked |  0
|  76|0x0000000086000000, 0x0000000086000000, 0x0000000086100000|  0%| F|  |TAMS 0x0000000086000000| PB 0x0000000086000000| Untracked |  0
|  77|0x0000000086100000, 0x0000000086100000, 0x0000000086200000|  0%| F|  |TAMS 0x0000000086100000| PB 0x0000000086100000| Untracked |  0
|  78|0x0000000086200000, 0x0000000086200000, 0x0000000086300000|  0%| F|  |TAMS 0x0000000086200000| PB 0x0000000086200000| Untracked |  0
|  79|0x0000000086300000, 0x0000000086300000, 0x0000000086400000|  0%| F|  |TAMS 0x0000000086300000| PB 0x0000000086300000| Untracked |  0
|  80|0x0000000086400000, 0x0000000086400000, 0x0000000086500000|  0%| F|  |TAMS 0x0000000086400000| PB 0x0000000086400000| Untracked |  0
|  81|0x0000000086500000, 0x0000000086500000, 0x0000000086600000|  0%| F|  |TAMS 0x0000000086500000| PB 0x0000000086500000| Untracked |  0
|  82|0x0000000086600000, 0x0000000086600000, 0x0000000086700000|  0%| F|  |TAMS 0x0000000086600000| PB 0x0000000086600000| Untracked |  0
|  83|0x0000000086700000, 0x0000000086700000, 0x0000000086800000|  0%| F|  |TAMS 0x0000000086700000| PB 0x0000000086700000| Untracked |  0
|  84|0x0000000086800000, 0x0000000086800000, 0x0000000086900000|  0%| F|  |TAMS 0x0000000086800000| PB 0x0000000086800000| Untracked |  0
|  85|0x0000000086900000, 0x0000000086900000, 0x0000000086a00000|  0%| F|  |TAMS 0x0000000086900000| PB 0x0000000086900000| Untracked |  0
|  86|0x0000000086a00000, 0x0000000086a00000, 0x0000000086b00000|  0%| F|  |TAMS 0x0000000086a00000| PB 0x0000000086a00000| Untracked |  0
|  87|0x0000000086b00000, 0x0000000086b00000, 0x0000000086c00000|  0%| F|  |TAMS 0x0000000086b00000| PB 0x0000000086b00000| Untracked |  0
|  88|0x0000000086c00000, 0x0000000086c00000, 0x0000000086d00000|  0%| F|  |TAMS 0x0000000086c00000| PB 0x0000000086c00000| Untracked |  0
|  89|0x0000000086d00000, 0x0000000086d00000, 0x0000000086e00000|  0%| F|  |TAMS 0x0000000086d00000| PB 0x0000000086d00000| Untracked |  0
|  90|0x0000000086e00000, 0x0000000086e00000, 0x0000000086f00000|  0%| F|  |TAMS 0x0000000086e00000| PB 0x0000000086e00000| Untracked |  0
|  91|0x0000000086f00000, 0x0000000086f00000, 0x0000000087000000|  0%| F|  |TAMS 0x0000000086f00000| PB 0x0000000086f00000| Untracked |  0
|  92|0x0000000087000000, 0x0000000087000000, 0x0000000087100000|  0%| F|  |TAMS 0x0000000087000000| PB 0x0000000087000000| Untracked |  0
|  93|0x0000000087100000, 0x0000000087100000, 0x0000000087200000|  0%| F|  |TAMS 0x0000000087100000| PB 0x0000000087100000| Untracked |  0
|  94|0x0000000087200000, 0x0000000087200000, 0x0000000087300000|  0%| F|  |TAMS 0x0000000087200000| PB 0x0000000087200000| Untracked |  0
|  95|0x0000000087300000, 0x0000000087300000, 0x0000000087400000|  0%| F|  |TAMS 0x0000000087300000| PB 0x0000000087300000| Untracked |  0
|  96|0x0000000087400000, 0x0000000087400000, 0x0000000087500000|  0%| F|  |TAMS 0x0000000087400000| PB 0x0000000087400000| Untracked |  0
|  97|0x0000000087500000, 0x0000000087500000, 0x0000000087600000|  0%| F|  |TAMS 0x0000000087500000| PB 0x0000000087500000| Untracked |  0
|  98|0x0000000087600000, 0x0000000087600000, 0x0000000087700000|  0%| F|  |TAMS 0x0000000087600000| PB 0x0000000087600000| Untracked |  0
|  99|0x0000000087700000, 0x0000000087700000, 0x0000000087800000|  0%| F|  |TAMS 0x0000000087700000| PB 0x0000000087700000| Untracked |  0
| 100|0x0000000087800000, 0x0000000087800000, 0x0000000087900000|  0%| F|  |TAMS 0x0000000087800000| PB 0x0000000087800000| Untracked |  0
| 101|0x0000000087900000, 0x0000000087900000, 0x0000000087a00000|  0%| F|  |TAMS 0x0000000087900000| PB 0x0000000087900000| Untracked |  0
| 102|0x0000000087a00000, 0x0000000087a00000, 0x0000000087b00000|  0%| F|  |TAMS 0x0000000087a00000| PB 0x0000000087a00000| Untracked |  0
| 103|0x0000000087b00000, 0x0000000087b00000, 0x0000000087c00000|  0%| F|  |TAMS 0x0000000087b00000| PB 0x0000000087b00000| Untracked |  0
| 104|0x0000000087c00000, 0x0000000087c00000, 0x0000000087d00000|  0%| F|  |TAMS 0x0000000087c00000| PB 0x0000000087c00000| Untracked |  0
| 105|0x0000000087d00000, 0x0000000087d00000, 0x0000000087e00000|  0%| F|  |TAMS 0x0000000087d00000| PB 0x0000000087d00000| Untracked |  0
| 106|0x0000000087e00000, 0x0000000087e00000, 0x0000000087f00000|  0%| F|  |TAMS 0x0000000087e00000| PB 0x0000000087e00000| Untracked |  0
| 107|0x0000000087f00000, 0x0000000087f00000, 0x0000000088000000|  0%| F|  |TAMS 0x0000000087f00000| PB 0x0000000087f00000| Untracked |  0
| 108|0x0000000088000000, 0x0000000088000000, 0x0000000088100000|  0%| F|  |TAMS 0x0000000088000000| PB 0x0000000088000000| Untracked |  0
| 109|0x0000000088100000, 0x0000000088100000, 0x0000000088200000|  0%| F|  |TAMS 0x0000000088100000| PB 0x0000000088100000| Untracked |  0
| 110|0x0000000088200000, 0x0000000088200000, 0x0000000088300000|  0%| F|  |TAMS 0x0000000088200000| PB 0x0000000088200000| Untracked |  0
| 111|0x0000000088300000, 0x0000000088300000, 0x0000000088400000|  0%| F|  |TAMS 0x0000000088300000| PB 0x0000000088300000| Untracked |  0
| 112|0x0000000088400000, 0x0000000088400000, 0x0000000088500000|  0%| F|  |TAMS 0x0000000088400000| PB 0x0000000088400000| Untracked |  0
| 113|0x0000000088500000, 0x0000000088500000, 0x0000000088600000|  0%| F|  |TAMS 0x0000000088500000| PB 0x0000000088500000| Untracked |  0
| 114|0x0000000088600000, 0x0000000088600000, 0x0000000088700000|  0%| F|  |TAMS 0x0000000088600000| PB 0x0000000088600000| Untracked |  0
| 115|0x0000000088700000, 0x0000000088700000, 0x0000000088800000|  0%| F|  |TAMS 0x0000000088700000| PB 0x0000000088700000| Untracked |  0
| 116|0x0000000088800000, 0x0000000088800000, 0x0000000088900000|  0%| F|  |TAMS 0x0000000088800000| PB 0x0000000088800000| Untracked |  0
| 117|0x0000000088900000, 0x0000000088900000, 0x0000000088a00000|  0%| F|  |TAMS 0x0000000088900000| PB 0x0000000088900000| Untracked |  0
| 118|0x0000000088a00000, 0x0000000088a00000, 0x0000000088b00000|  0%| F|  |TAMS 0x0000000088a00000| PB 0x0000000088a00000| Untracked |  0
| 119|0x0000000088b00000, 0x0000000088b00000, 0x0000000088c00000|  0%| F|  |TAMS 0x0000000088b00000| PB 0x0000000088b00000| Untracked |  0
| 120|0x0000000088c00000, 0x0000000088c00000, 0x0000000088d00000|  0%| F|  |TAMS 0x0000000088c00000| PB 0x0000000088c00000| Untracked |  0
| 121|0x0000000088d00000, 0x0000000088d00000, 0x0000000088e00000|  0%| F|  |TAMS 0x0000000088d00000| PB 0x0000000088d00000| Untracked |  0
| 122|0x0000000088e00000, 0x0000000088e00000, 0x0000000088f00000|  0%| F|  |TAMS 0x0000000088e00000| PB 0x0000000088e00000| Untracked |  0
| 123|0x0000000088f00000, 0x0000000088f00000, 0x0000000089000000|  0%| F|  |TAMS 0x0000000088f00000| PB 0x0000000088f00000| Untracked |  0
| 124|0x0000000089000000, 0x0000000089000000, 0x0000000089100000|  0%| F|  |TAMS 0x0000000089000000| PB 0x0000000089000000| Untracked |  0
| 125|0x0000000089100000, 0x0000000089100000, 0x0000000089200000|  0%| F|  |TAMS 0x0000000089100000| PB 0x0000000089100000| Untracked |  0
| 126|0x0000000089200000, 0x00000000892d8808, 0x0000000089300000| 84%| E|  |TAMS 0x0000000089200000| PB 0x0000000089200000| Complete |  0
| 127|0x0000000089300000, 0x0000000089400000, 0x0000000089400000|100%| E|CS|TAMS 0x0000000089300000| PB 0x0000000089300000| Complete |  0

Card table byte_map: [0x000001cdf78f0000,0x000001cdf7cf0000] _byte_map_base: 0x000001cdf74e6000

Marking Bits: (CMBitMap*) 0x000001cdeee1e690
 Bits: [0x000001cdf7cf0000, 0x000001cdf9ca0000)

Polling page: 0x000001cdee580000

Metaspace:

Usage:
  Non-class:      5.05 MB used.
      Class:    489.06 KB used.
       Both:      5.53 MB used.

Virtual space:
  Non-class space:       64.00 MB reserved,       5.06 MB (  8%) committed,  1 nodes.
      Class space:        1.00 GB reserved,     512.00 KB ( <1%) committed,  1 nodes.
             Both:        1.06 GB reserved,       5.56 MB ( <1%) committed. 

Chunk freelists:
   Non-Class:  10.44 MB
       Class:  15.50 MB
        Both:  25.94 MB

MaxMetaspaceSize: unlimited
CompressedClassSpaceSize: 1.00 GB
Initial GC threshold: 21.00 MB
Current GC threshold: 21.00 MB
CDS: off
 - commit_granule_bytes: 65536.
 - commit_granule_words: 8192.
 - virtual_space_node_default_size: 8388608.
 - enlarge_chunks_in_place: 1.
 - use_allocation_guard: 0.


Internal statistics:

num_allocs_failed_limit: 0.
num_arena_births: 4.
num_arena_deaths: 0.
num_vsnodes_births: 2.
num_vsnodes_deaths: 0.
num_space_committed: 89.
num_space_uncommitted: 0.
num_chunks_returned_to_freelist: 0.
num_chunks_taken_from_freelist: 16.
num_chunk_merges: 0.
num_chunk_splits: 7.
num_chunks_enlarged: 6.
num_inconsistent_stats: 0.

CodeHeap 'non-profiled nmethods': size=120064Kb used=22Kb max_used=22Kb free=120041Kb
 bounds [0x000001cd87ac0000, 0x000001cd87d30000, 0x000001cd8f000000]
CodeHeap 'profiled nmethods': size=120000Kb used=89Kb max_used=89Kb free=119910Kb
 bounds [0x000001cd80000000, 0x000001cd80270000, 0x000001cd87530000]
CodeHeap 'non-nmethods': size=5696Kb used=1217Kb max_used=1229Kb free=4479Kb
 bounds [0x000001cd87530000, 0x000001cd877a0000, 0x000001cd87ac0000]
CodeCache: size=245760Kb, used=1328Kb, max_used=1340Kb, free=244430Kb
 total_blobs=454, nmethods=100, adapters=260, full_count=0
Compilation: enabled, stopped_count=0, restarted_count=0

Compilation events (20 events):
Event: 0.511 Thread 0x000001cd93080340   88       3       jdk.internal.misc.Unsafe::toUnsignedLong (7 bytes)
Event: 0.511 Thread 0x000001cd93080340 nmethod 88 0x000001cd80013588 code [0x000001cd800136a0, 0x000001cd80013798]
Event: 0.513 Thread 0x000001cd93080340   90       3       java.lang.StringCoding::countPositives (33 bytes)
Event: 0.513 Thread 0x000001cd93080340 nmethod 90 0x000001cd80013888 code [0x000001cd800139c0, 0x000001cd80013bd0]
Event: 0.514 Thread 0x000001cd93080340   91       3       java.lang.String::indexOf (41 bytes)
Event: 0.514 Thread 0x000001cd93080340 nmethod 91 0x000001cd80013c08 code [0x000001cd80013d80, 0x000001cd80014360]
Event: 0.529 Thread 0x000001cd93080340   92       3       java.util.concurrent.ConcurrentHashMap::spread (10 bytes)
Event: 0.529 Thread 0x000001cd93080340 nmethod 92 0x000001cd80014408 code [0x000001cd80014520, 0x000001cd80014610]
Event: 0.532 Thread 0x000001cd93080340   93       3       java.lang.StringLatin1::lastIndexOf (40 bytes)
Event: 0.532 Thread 0x000001cd93080340 nmethod 93 0x000001cd80014708 code [0x000001cd80014860, 0x000001cd80014c38]
Event: 0.532 Thread 0x000001cd93080340   95       3       java.lang.AbstractStringBuilder::putStringAt (19 bytes)
Event: 0.533 Thread 0x000001cd93080340 nmethod 95 0x000001cd80014c88 code [0x000001cd80014de0, 0x000001cd800150b0]
Event: 0.533 Thread 0x000001cd93080340   97       3       java.util.Arrays::copyOfRange (82 bytes)
Event: 0.533 Thread 0x000001cd9307f6e0   99       4       java.lang.String::hashCode (60 bytes)
Event: 0.534 Thread 0x000001cd93080340 nmethod 97 0x000001cd80015108 code [0x000001cd80015300, 0x000001cd80015d50]
Event: 0.534 Thread 0x000001cd93080340  100       3       java.lang.StringBuilder::append (8 bytes)
Event: 0.535 Thread 0x000001cd93080340 nmethod 100 0x000001cd80015e08 code [0x000001cd80015f20, 0x000001cd80016068]
Event: 0.535 Thread 0x000001cd93080340   96       3       java.lang.AbstractStringBuilder::inflateIfNeededFor (22 bytes)
Event: 0.535 Thread 0x000001cd93080340 nmethod 96 0x000001cd80016108 code [0x000001cd80016240, 0x000001cd80016448]
Event: 0.536 Thread 0x000001cd9307f6e0 nmethod 99 0x000001cd87ac5608 code [0x000001cd87ac5740, 0x000001cd87ac5a60]

GC Heap History (0 events):
No events

Dll operation events (5 events):
Event: 0.017 Loaded shared library C:\Program Files\Java\jdk-23\bin\java.dll
Event: 0.112 Loaded shared library C:\Program Files\Java\jdk-23\bin\jsvml.dll
Event: 0.440 Loaded shared library C:\Program Files\Java\jdk-23\bin\net.dll
Event: 0.449 Loaded shared library C:\Program Files\Java\jdk-23\bin\nio.dll
Event: 0.487 Loaded shared library C:\Program Files\Java\jdk-23\bin\zip.dll

Deoptimization events (0 events):
No events

Classes loaded (20 events):
Event: 0.536 Loading class java/io/FileNotFoundException done
Event: 0.536 Loading class java/io/Reader
Event: 0.536 Loading class java/io/Reader done
Event: 0.536 Loading class java/io/InputStreamReader
Event: 0.536 Loading class java/io/InputStreamReader done
Event: 0.536 Loading class java/io/BufferedReader
Event: 0.536 Loading class java/io/BufferedReader done
Event: 0.536 Loading class sun/nio/cs/StreamDecoder
Event: 0.537 Loading class sun/nio/cs/StreamDecoder done
Event: 0.537 Loading class sun/nio/ch/NativeThread
Event: 0.537 Loading class sun/nio/ch/NativeThread done
Event: 0.537 Loading class jdk/internal/misc/Blocker
Event: 0.537 Loading class jdk/internal/misc/Blocker done
Event: 0.537 Loading class sun/nio/ch/Util
Event: 0.537 Loading class sun/nio/ch/Util done
Event: 0.537 Loading class sun/nio/ch/Util$1
Event: 0.537 Loading class sun/nio/ch/Util$1 done
Event: 0.537 Loading class sun/nio/ch/Util$BufferCache
Event: 0.537 Loading class sun/nio/ch/Util$BufferCache done
Event: 0.538 Loading class java/nio/DirectByteBuffer$Deallocator

Classes unloaded (0 events):
No events

Classes redefined (0 events):
No events

Internal exceptions (0 events):
No events

VM Operations (2 events):
Event: 0.492 Executing VM operation: HandshakeAllThreads (Deoptimize)
Event: 0.492 Executing VM operation: HandshakeAllThreads (Deoptimize) done

Memory protections (0 events):
No events

Nmethod flushes (0 events):
No events

Events (11 events):
Event: 0.031 Thread 0x000001cdebe60c20 Thread added: 0x000001cdebe60c20
Event: 0.081 Thread 0x000001cdebe60c20 Thread added: 0x000001cd93064790
Event: 0.082 Thread 0x000001cdebe60c20 Thread added: 0x000001cd930667b0
Event: 0.109 Thread 0x000001cdebe60c20 Thread added: 0x000001cd9306e680
Event: 0.109 Thread 0x000001cdebe60c20 Thread added: 0x000001cd9306f0e0
Event: 0.109 Thread 0x000001cdebe60c20 Thread added: 0x000001cd9306fcf0
Event: 0.109 Thread 0x000001cdebe60c20 Thread added: 0x000001cd9307e7a0
Event: 0.110 Thread 0x000001cdebe60c20 Thread added: 0x000001cd9307f6e0
Event: 0.110 Thread 0x000001cdebe60c20 Thread added: 0x000001cd93080340
Event: 0.321 Thread 0x000001cdebe60c20 Thread added: 0x000001cd9322ea20
Event: 0.350 Thread 0x000001cdebe60c20 Thread added: 0x000001cd9323b8c0


Dynamic libraries:
0x00007ff6b7c50000 - 0x00007ff6b7c60000 	C:\Program Files\Java\jdk-23\bin\java.exe
0x00007ff86aa20000 - 0x00007ff86ac0e000 	C:\Windows\SYSTEM32\ntdll.dll
0x00007ff846ce0000 - 0x00007ff846cfa000 	C:\Program Files\Avast Software\Avast\aswhook.dll
0x00007ff867ce0000 - 0x00007ff867d93000 	C:\Windows\System32\KERNEL32.DLL
0x00007ff866a80000 - 0x00007ff866d1d000 	C:\Windows\System32\KERNELBASE.dll
0x00007ff867b40000 - 0x00007ff867c3a000 	C:\Windows\System32\ucrtbase.dll
0x00007ff861130000 - 0x00007ff86114b000 	C:\Program Files\Java\jdk-23\bin\VCRUNTIME140.dll
0x00007ff862860000 - 0x00007ff862877000 	C:\Program Files\Java\jdk-23\bin\jli.dll
0x00007ff86a850000 - 0x00007ff86a9e7000 	C:\Windows\System32\USER32.dll
0x00007ff852950000 - 0x00007ff852bc9000 	C:\Windows\WinSxS\amd64_microsoft.windows.common-controls_6595b64144ccf1df_6.0.17763.6532_none_de70be92534bb012\COMCTL32.dll
0x00007ff867a80000 - 0x00007ff867aa0000 	C:\Windows\System32\win32u.dll
0x00007ff868bb0000 - 0x00007ff868bd9000 	C:\Windows\System32\GDI32.dll
0x00007ff8678d0000 - 0x00007ff867a77000 	C:\Windows\System32\gdi32full.dll
0x00007ff867aa0000 - 0x00007ff867b40000 	C:\Windows\System32\msvcp_win.dll
0x00007ff868fe0000 - 0x00007ff86907e000 	C:\Windows\System32\msvcrt.dll
0x00007ff868cb0000 - 0x00007ff868fda000 	C:\Windows\System32\combase.dll
0x00007ff8687c0000 - 0x00007ff8688d8000 	C:\Windows\System32\RPCRT4.dll
0x00007ff866d80000 - 0x00007ff866e02000 	C:\Windows\System32\bcryptPrimitives.dll
0x00007ff867c40000 - 0x00007ff867c6e000 	C:\Windows\System32\IMM32.DLL
0x00007ff85f300000 - 0x00007ff85f30c000 	C:\Program Files\Java\jdk-23\bin\vcruntime140_1.dll
0x00007ff83a250000 - 0x00007ff83a2de000 	C:\Program Files\Java\jdk-23\bin\msvcp140.dll
0x000001cded730000 - 0x000001cdee47f000 	C:\Program Files\Java\jdk-23\bin\server\jvm.dll
0x00007ff8688e0000 - 0x00007ff868988000 	C:\Windows\System32\ADVAPI32.dll
0x00007ff868990000 - 0x00007ff868a32000 	C:\Windows\System32\sechost.dll
0x00007ff8677f0000 - 0x00007ff867816000 	C:\Windows\System32\bcrypt.dll
0x00007ff866a20000 - 0x00007ff866a7d000 	C:\Windows\System32\POWRPROF.dll
0x00007ff868c40000 - 0x00007ff868cad000 	C:\Windows\System32\WS2_32.dll
0x00007ff85d830000 - 0x00007ff85d83a000 	C:\Windows\SYSTEM32\VERSION.dll
0x00007ff863bb0000 - 0x00007ff863bd4000 	C:\Windows\SYSTEM32\WINMM.dll
0x00007ff863b80000 - 0x00007ff863bad000 	C:\Windows\SYSTEM32\WINMMBASE.dll
0x00007ff8677a0000 - 0x00007ff8677ea000 	C:\Windows\System32\cfgmgr32.dll
0x00007ff8669e0000 - 0x00007ff8669f1000 	C:\Windows\System32\kernel.appcore.dll
0x00007ff85f2f0000 - 0x00007ff85f2fa000 	C:\Program Files\Java\jdk-23\bin\jimage.dll
0x00007ff85bcb0000 - 0x00007ff85be9d000 	C:\Windows\SYSTEM32\DBGHELP.DLL
0x00007ff85bbb0000 - 0x00007ff85bbda000 	C:\Windows\SYSTEM32\dbgcore.DLL
0x00007ff85f210000 - 0x00007ff85f22e000 	C:\Program Files\Java\jdk-23\bin\java.dll
0x00007ff8690e0000 - 0x00007ff869236000 	C:\Windows\System32\ole32.dll
0x00007ff869240000 - 0x00007ff86a738000 	C:\Windows\System32\SHELL32.dll
0x00007ff867e40000 - 0x00007ff867ee7000 	C:\Windows\System32\shcore.dll
0x00007ff866e30000 - 0x00007ff867578000 	C:\Windows\System32\windows.storage.dll
0x00007ff8669b0000 - 0x00007ff8669d3000 	C:\Windows\System32\profapi.dll
0x00007ff869080000 - 0x00007ff8690d2000 	C:\Windows\System32\shlwapi.dll
0x00007ff866e10000 - 0x00007ff866e2b000 	C:\Windows\System32\cryptsp.dll
0x00007ff8478f0000 - 0x00007ff8479c7000 	C:\Program Files\Java\jdk-23\bin\jsvml.dll
0x00007ff85f200000 - 0x00007ff85f210000 	C:\Program Files\Java\jdk-23\bin\net.dll
0x00007ff8661a0000 - 0x00007ff866207000 	C:\Windows\system32\mswsock.dll
0x00007ff85ee30000 - 0x00007ff85ee46000 	C:\Program Files\Java\jdk-23\bin\nio.dll
0x00007ff85abc0000 - 0x00007ff85abd7000 	C:\Program Files\Java\jdk-23\bin\zip.dll

dbghelp: loaded successfully - version: 4.0.5 - missing functions: none
symbol engine: initialized successfully - sym options: 0x614 - pdb path: .;C:\Program Files\Java\jdk-23\bin;C:\Windows\SYSTEM32;C:\Program Files\Avast Software\Avast;C:\Windows\WinSxS\amd64_microsoft.windows.common-controls_6595b64144ccf1df_6.0.17763.6532_none_de70be92534bb012;C:\Program Files\Java\jdk-23\bin\server

VM Arguments:
jvm_args: -Dclassworlds.conf=C:\Program Files\NetBeans-23\netbeans\java\maven\bin\m2.conf -Dmaven.home=C:\Program Files\NetBeans-23\netbeans\java\maven -Dlibrary.jansi.path=C:\Program Files\NetBeans-23\netbeans\java\maven\lib\jansi-native -Dmaven.multiModuleProjectDirectory=C:\Users\Haneen\Desktop\farida emad\GYMPROJECT 
java_command: org.codehaus.plexus.classworlds.launcher.Launcher -Dexec.args=-classpath %classpath com.mycompany.gymproject.Main -Dexec.executable=C:\Program Files\Java\jdk-23\bin\java.exe -Dexec.vmArgs= -Dexec.appArgs= -Dmaven.ext.class.path=C:\Program Files\NetBeans-23\netbeans\java\maven-nblib\netbeans-eventspy.jar --no-transfer-progress process-classes org.codehaus.mojo:exec-maven-plugin:1.5.0:exec
java_class_path (initial): C:\Program Files\NetBeans-23\netbeans\java\maven\boot\plexus-classworlds-2.8.0.jar
Launcher Type: SUN_STANDARD

[Global flags]
     intx CICompilerCount                          = 3                                         {product} {ergonomic}
     uint ConcGCThreads                            = 1                                         {product} {ergonomic}
     uint G1ConcRefinementThreads                  = 4                                         {product} {ergonomic}
   size_t G1HeapRegionSize                         = 1048576                                   {product} {ergonomic}
   size_t InitialHeapSize                          = 134217728                                 {product} {ergonomic}
   size_t MarkStackSize                            = 4194304                                   {product} {ergonomic}
   size_t MarkStackSizeMax                         = 536870912                                 {product} {ergonomic}
   size_t MaxHeapSize                              = 2126512128                                {product} {ergonomic}
   size_t MaxNewSize                               = 1275068416                                {product} {ergonomic}
   size_t MinHeapDeltaBytes                        = 1048576                                   {product} {ergonomic}
   size_t MinHeapSize                              = 8388608                                   {product} {ergonomic}
    uintx NonNMethodCodeHeapSize                   = 5832704                                {pd product} {ergonomic}
    uintx NonProfiledCodeHeapSize                  = 122945536                              {pd product} {ergonomic}
    uintx ProfiledCodeHeapSize                     = 122880000                              {pd product} {ergonomic}
    uintx ReservedCodeCacheSize                    = 251658240                              {pd product} {ergonomic}
     bool SegmentedCodeCache                       = true                                      {product} {ergonomic}
   size_t SoftMaxHeapSize                          = 2126512128                             {manageable} {ergonomic}
     bool UseCompressedOops                        = true                           {product lp64_product} {ergonomic}
     bool UseG1GC                                  = true                                      {product} {ergonomic}
     bool UseLargePagesIndividualAllocation        = false                                  {pd product} {ergonomic}

Logging:
Log output configuration:
 #0: stdout all=warning uptime,level,tags foldmultilines=false
 #1: stderr all=off uptime,level,tags foldmultilines=false

Environment Variables:
JAVA_HOME=C:\Program Files\Java\jdk-23
PATH=C:\Program Files\Common Files\Oracle\Java\javapath;C:\Windows\system32;C:\Windows;C:\Windows\System32\Wbem;C:\Windows\System32\WindowsPowerShell\v1.0\;C:\Windows\System32\OpenSSH\;C:\Program Files (x86)\Microsoft SQL Server\100\Tools\Binn\;C:\Program Files\Microsoft SQL Server\100\Tools\Binn\;C:\Program Files\Microsoft SQL Server\100\DTS\Binn\;C:\Users\Haneen\AppData\Local\Microsoft\WindowsApps;;C:\Users\Haneen\AppData\Local\Programs\Microsoft VS Code\bin
USERNAME=Haneen
OS=Windows_NT
PROCESSOR_IDENTIFIER=Intel64 Family 6 Model 61 Stepping 4, GenuineIntel
TMP=C:\Users\Haneen\AppData\Local\Temp
TEMP=C:\Users\Haneen\AppData\Local\Temp




Periodic native trim disabled

---------------  S Y S T E M  ---------------

OS:
 Windows 10 , 64 bit Build 17763 (10.0.17763.6292)
OS uptime: 7 days 11:24 hours

CPU: total 4 (initial active 4) (2 cores per cpu, 2 threads per core) family 6 model 61 stepping 4 microcode 0x2f, cx8, cmov, fxsr, ht, mmx, 3dnowpref, sse, sse2, sse3, ssse3, sse4.1, sse4.2, popcnt, lzcnt, tsc, tscinvbit, avx, avx2, aes, erms, clmul, bmi1, bmi2, adx, fma, vzeroupper, clflush, rdtscp, f16c
Processor Information for the first 4 processors :
  Max Mhz: 2201, Current Mhz: 2201, Mhz Limit: 2201

Memory: 4k page, system-wide physical 8110M (854M free)
TotalPageFile size 14253M (AvailPageFile size 0M)
current process WorkingSet (physical memory assigned to process): 30M, peak: 30M
current process commit charge ("private bytes"): 196M, peak: 198M

vm_info: Java HotSpot(TM) 64-Bit Server VM (23.0.1+11-39) for windows-amd64 JRE (23.0.1+11-39), built on 2024-09-30T07:20:43Z with MS VC++ 17.6 (VS2022)

END.
