#
# There is insufficient memory for the Java Runtime Environment to continue.
# Native memory allocation (mmap) failed to map 65536 bytes. Error detail: Failed to commit metaspace.
# Possible reasons:
#   The system is out of physical RAM or swap space
#   This process is running with CompressedOops enabled, and the Java Heap may be blocking the growth of the native heap
# Possible solutions:
#   Reduce memory load on the system
#   Increase physical memory or swap space
#   Check if swap backing store is full
#   Decrease Java heap size (-Xmx/-Xms)
#   Decrease number of Java threads
#   Decrease Java thread stack sizes (-Xss)
#   Set larger code cache with -XX:ReservedCodeCacheSize=
#   JVM is running with Unscaled Compressed Oops mode in which the Java heap is
#     placed in the first 4GB address space. The Java Heap base address is the
#     maximum limit for the native heap growth. Please use -XX:HeapBaseMinAddress
#     to set the Java Heap base and to place the Java Heap above 4GB virtual address.
# This output file may be truncated or incomplete.
#
#  Out of Memory Error (virtualSpaceNode.cpp:113), pid=14024, tid=14856
#
# JRE version: Java(TM) SE Runtime Environment (23.0.1+11) (build 23.0.1+11-39)
# Java VM: Java HotSpot(TM) 64-Bit Server VM (23.0.1+11-39, mixed mode, sharing, tiered, compressed oops, compressed class ptrs, g1 gc, windows-amd64)
# No core dump will be written. Minidumps are not enabled by default on client versions of Windows
#

---------------  S U M M A R Y ------------

Command Line: com.mycompany.gymproject.Main

Host: Intel(R) Core(TM) i5-5200U CPU @ 2.20GHz, 4 cores, 7G,  Windows 10 , 64 bit Build 17763 (10.0.17763.6292)
Time: Fri Dec 13 01:16:06 2024 Egypt Standard Time elapsed time: 1.006733 seconds (0d 0h 0m 1s)

---------------  T H R E A D  ---------------

Current thread (0x000002374973f920):  JavaThread "main"             [_thread_in_vm, id=14856, stack(0x000000bedab00000,0x000000bedac00000) (1024K)]

Stack: [0x000000bedab00000,0x000000bedac00000]
Native frames: (J=compiled Java code, j=interpreted, Vv=VM code, C=native code)
V  [jvm.dll+0x6e08b9]  (no source info available)
V  [jvm.dll+0x87dc83]  (no source info available)
V  [jvm.dll+0x88010e]  (no source info available)
V  [jvm.dll+0x8807e3]  (no source info available)
V  [jvm.dll+0x27aee6]  (no source info available)
V  [jvm.dll+0x87988e]  (no source info available)
V  [jvm.dll+0x682035]  (no source info available)
V  [jvm.dll+0x68209a]  (no source info available)
V  [jvm.dll+0x6848da]  (no source info available)
V  [jvm.dll+0x2219dc]  (no source info available)
V  [jvm.dll+0x682a4e]  (no source info available)
V  [jvm.dll+0x68ce28]  (no source info available)
V  [jvm.dll+0x211fe1]  (no source info available)
V  [jvm.dll+0x21244a]  (no source info available)
V  [jvm.dll+0x212e71]  (no source info available)
V  [jvm.dll+0x20811e]  (no source info available)
V  [jvm.dll+0x5be6df]  (no source info available)
V  [jvm.dll+0x219b2b]  (no source info available)
V  [jvm.dll+0x7f3130]  (no source info available)
V  [jvm.dll+0x7f41d6]  (no source info available)
V  [jvm.dll+0x7f47e4]  (no source info available)
V  [jvm.dll+0x7f4468]  (no source info available)
V  [jvm.dll+0x2689cb]  (no source info available)
V  [jvm.dll+0x3d1e3e]  (no source info available)
C  0x00000237593bafe1  (no source info available)

The last pc belongs to new (printed below).
Java frames: (J=compiled Java code, j=interpreted, Vv=VM code)
j  javax.swing.JRootPane.createLayeredPane()Ljavax/swing/JLayeredPane;+0 java.desktop@23.0.1
j  javax.swing.JRootPane.<init>()V+19 java.desktop@23.0.1
j  javax.swing.JFrame.createRootPane()Ljavax/swing/JRootPane;+4 java.desktop@23.0.1
j  javax.swing.JFrame.frameInit()V+16 java.desktop@23.0.1
j  javax.swing.JFrame.<init>()V+20 java.desktop@23.0.1
j  com.mycompany.gymproject.SchedulerManagerPagee.<init>()V+1
j  com.mycompany.gymproject.Main.main([Ljava/lang/String;)V+4
v  ~StubRoutines::call_stub 0x00000237593a0fcd
Lock stack of current Java thread (top to bottom):

new  187 new  [0x00000237593bae40, 0x00000237593bb050]  528 bytes
[MachCode]
  0x00000237593bae40: 4883 ec08 | c5fa 1104 | 24eb 1f48 | 83ec 10c5 | fb11 0424 | eb14 4883 | ec10 4889 | 0424 48c7 
  0x00000237593bae60: 4424 0800 | 0000 00eb | 0150 410f | b755 010f | cac1 ea10 | 488b 4de8 | 488b 4908 | 488b 4908 
  0x00000237593bae80: 488b 4108 | 807c 1004 | 070f 85e0 | 0000 0066 | 8b54 d148 | 488b 4928 | 488b 4cd1 | 0851 80b9 
  0x00000237593baea0: 3101 0000 | 040f 840d | 0000 004c | 3bb9 3801 | 0000 0f85 | b600 0000 | 8b51 08f6 | c201 0f85 
  0x00000237593baec0: aa00 0000 | 498b 87b8 | 0100 0048 | 8d1c 1049 | 3b9f c801 | 0000 0f87 | 9200 0000 | 4989 9fb8 
  0x00000237593baee0: 0100 0048 | 83ea 100f | 840f 0000 | 0033 c9c1 | ea03 4889 | 4cd0 0848 | ffca 75f6 | 48c7 0001 
  0x00000237593baf00: 0000 0059 | 33f6 8970 | 0c49 ba00 | 0000 0037 | 0200 0049 | 2bca 8948 | 0849 ba42 | adb3 2cf8 
  0x00000237593baf20: 7f00 0041 | 803a 000f | 843c 0000 | 0050 488b | c848 83ec | 2040 f6c4 | 0f0f 8419 | 0000 0048 
  0x00000237593baf40: 83ec 0848 | b850 ee63 | 2cf8 7f00 | 00ff d048 | 83c4 08e9 | 0c00 0000 | 48b8 50ee | 632c f87f 
  0x00000237593baf60: 0000 ffd0 | 4883 c420 | 58e9 cb00 | 0000 5948 | 8b55 e848 | 8b52 0848 | 8b52 0845 | 0fb7 4501 
  0x00000237593baf80: 410f c841 | c1e8 10e8 | 0500 0000 | e9a8 0000 | 0048 8d44 | 2408 4c89 | 6dc0 498b | cfc5 f877 
  0x00000237593bafa0: 4989 afb0 | 0300 0049 | 8987 a003 | 0000 4883 | ec20 40f6 | c40f 0f84 | 1900 0000 | 4883 ec08 
  0x00000237593bafc0: 48b8 f01d | 2c2c f87f | 0000 ffd0 | 4883 c408 | e90c 0000 | 0048 b8f0 | 1d2c 2cf8 | 7f00 00ff 
  0x00000237593bafe0: d048 83c4 | 2049 c787 | a003 0000 | 0000 0000 | 49c7 87b0 | 0300 0000 | 0000 0049 | c787 a803 
  0x00000237593bb000: 0000 0000 | 0000 c5f8 | 7749 837f | 0800 0f84 | 0500 0000 | e9a7 5efe | ff49 8b87 | f803 0000 
  0x00000237593bb020: 49c7 87f8 | 0300 0000 | 0000 004c | 8b6d c04c | 8b75 c84e | 8d74 f500 | c341 0fb6 | 5d03 4983 
  0x00000237593bb040: c503 49ba | 5076 b72c | f87f 0000 | 41ff 24da 
[/MachCode]

---------------  P R O C E S S  ---------------

Threads class SMR info:
_java_thread_list=0x0000023745350640, length=14, elements={
0x000002374973f920, 0x0000023765af4ee0, 0x0000023765af5c90, 0x0000023765af7820,
0x0000023765af9fa0, 0x0000023765afa610, 0x0000023765afec90, 0x0000023765aff630,
0x0000023765b2be20, 0x000002374512c320, 0x000002374513a5f0, 0x0000023745344290,
0x00000237453485c0, 0x000002374534fb20
}

Java Threads: ( => current thread )
=>0x000002374973f920 JavaThread "main"                              [_thread_in_vm, id=14856, stack(0x000000bedab00000,0x000000bedac00000) (1024K)]
  0x0000023765af4ee0 JavaThread "Reference Handler"          daemon [_thread_blocked, id=14544, stack(0x000000bedb300000,0x000000bedb400000) (1024K)]
  0x0000023765af5c90 JavaThread "Finalizer"                  daemon [_thread_blocked, id=2588, stack(0x000000bedb400000,0x000000bedb500000) (1024K)]
  0x0000023765af7820 JavaThread "Signal Dispatcher"          daemon [_thread_blocked, id=3256, stack(0x000000bedb500000,0x000000bedb600000) (1024K)]
  0x0000023765af9fa0 JavaThread "Attach Listener"            daemon [_thread_blocked, id=7396, stack(0x000000bedb600000,0x000000bedb700000) (1024K)]
  0x0000023765afa610 JavaThread "Service Thread"             daemon [_thread_blocked, id=9652, stack(0x000000bedb700000,0x000000bedb800000) (1024K)]
  0x0000023765afec90 JavaThread "Monitor Deflation Thread"   daemon [_thread_blocked, id=12356, stack(0x000000bedb800000,0x000000bedb900000) (1024K)]
  0x0000023765aff630 JavaThread "C2 CompilerThread0"         daemon [_thread_blocked, id=5400, stack(0x000000bedb900000,0x000000bedba00000) (1024K)]
  0x0000023765b2be20 JavaThread "C1 CompilerThread0"         daemon [_thread_blocked, id=13136, stack(0x000000bedba00000,0x000000bedbb00000) (1024K)]
  0x000002374512c320 JavaThread "Notification Thread"        daemon [_thread_blocked, id=10436, stack(0x000000bedbb00000,0x000000bedbc00000) (1024K)]
  0x000002374513a5f0 JavaThread "Common-Cleaner"             daemon [_thread_blocked, id=16960, stack(0x000000bedbc00000,0x000000bedbd00000) (1024K)]
  0x0000023745344290 JavaThread "Java2D Disposer"            daemon [_thread_blocked, id=9860, stack(0x000000bedbd00000,0x000000bedbe00000) (1024K)]
  0x00000237453485c0 JavaThread "AWT-Shutdown"                      [_thread_in_vm, id=9312, stack(0x000000bedbe00000,0x000000bedbf00000) (1024K)]
  0x000002374534fb20 JavaThread "AWT-Windows"                daemon [_thread_in_native, id=13452, stack(0x000000bedbf00000,0x000000bedc000000) (1024K)]
Total: 14

Other Threads:
  0x0000023765ada950 VMThread "VM Thread"                           [id=12280, stack(0x000000bedb200000,0x000000bedb300000) (1024K)]
  0x0000023765ac9090 WatcherThread "VM Periodic Task Thread"        [id=2440, stack(0x000000bedb100000,0x000000bedb200000) (1024K)]
  0x000002374979a1f0 WorkerThread "GC Thread#0"                     [id=3152, stack(0x000000bedac00000,0x000000bedad00000) (1024K)]
  0x00000237497aef20 ConcurrentGCThread "G1 Main Marker"            [id=10488, stack(0x000000bedad00000,0x000000bedae00000) (1024K)]
  0x00000237497afad0 WorkerThread "G1 Conc#0"                       [id=15908, stack(0x000000bedae00000,0x000000bedaf00000) (1024K)]
  0x00000237497fe570 ConcurrentGCThread "G1 Refine#0"               [id=6328, stack(0x000000bedaf00000,0x000000bedb000000) (1024K)]
  0x000002376598f140 ConcurrentGCThread "G1 Service"                [id=11568, stack(0x000000bedb000000,0x000000bedb100000) (1024K)]
Total: 7

Threads with active compile tasks:
Total: 0

VM state: not at safepoint (normal execution)

VM Mutex/Monitor currently owned by a thread:  ([mutex/lock_event])
[0x00007ff82cb61890] Metaspace_lock - owner thread: 0x000002374973f920

Heap address: 0x0000000081400000, size: 2028 MB, Compressed Oops mode: 32-bit

CDS archive(s) mapped at: [0x0000023700000000-0x0000023700d70000-0x0000023700d70000), size 14090240, SharedBaseAddress: 0x0000023700000000, ArchiveRelocationMode: 1.
Compressed class space mapped at: 0x0000023701000000-0x0000023741000000, reserved size: 1073741824
Narrow klass base: 0x0000023700000000, Narrow klass shift: 0, Narrow klass range: 0x41000000

GC Precious Log:
 CardTable entry size: 512
 Card Set container configuration: InlinePtr #cards 5 size 8 Array Of Cards #cards 10 size 36 Howl #buckets 4 coarsen threshold 1843 Howl Bitmap #cards 512 size 80 coarsen threshold 460 Card regions per heap region 1 cards per card region 2048
 CPUs: 4 total, 4 available
 Memory: 8110M
 Large Page Support: Disabled
 NUMA Support: Disabled
 Compressed Oops: Enabled (32-bit)
 Heap Region Size: 1M
 Heap Min Capacity: 8M
 Heap Initial Capacity: 128M
 Heap Max Capacity: 2028M
 Pre-touch: Disabled
 Parallel Workers: 4
 Concurrent Workers: 1
 Concurrent Refinement Workers: 4
 Periodic GC: Disabled

Heap:
 garbage-first heap   total reserved 2076672K, committed 131072K, used 4096K [0x0000000081400000, 0x0000000100000000)
  region size 1024K, 5 young (5120K), 0 survivors (0K)
 Metaspace       used 3878K, committed 3968K, reserved 1114112K
  class space    used 412K, committed 448K, reserved 1048576K

Heap Regions: E=young(eden), S=young(survivor), O=old, HS=humongous(starts), HC=humongous(continues), CS=collection set, F=free, TAMS=top-at-mark-start, PB=parsable bottom
|   0|0x0000000081400000, 0x0000000081400000, 0x0000000081500000|  0%| F|  |TAMS 0x0000000081400000| PB 0x0000000081400000| Untracked |  0
|   1|0x0000000081500000, 0x0000000081500000, 0x0000000081600000|  0%| F|  |TAMS 0x0000000081500000| PB 0x0000000081500000| Untracked |  0
|   2|0x0000000081600000, 0x0000000081600000, 0x0000000081700000|  0%| F|  |TAMS 0x0000000081600000| PB 0x0000000081600000| Untracked |  0
|   3|0x0000000081700000, 0x0000000081700000, 0x0000000081800000|  0%| F|  |TAMS 0x0000000081700000| PB 0x0000000081700000| Untracked |  0
|   4|0x0000000081800000, 0x0000000081800000, 0x0000000081900000|  0%| F|  |TAMS 0x0000000081800000| PB 0x0000000081800000| Untracked |  0
|   5|0x0000000081900000, 0x0000000081900000, 0x0000000081a00000|  0%| F|  |TAMS 0x0000000081900000| PB 0x0000000081900000| Untracked |  0
|   6|0x0000000081a00000, 0x0000000081a00000, 0x0000000081b00000|  0%| F|  |TAMS 0x0000000081a00000| PB 0x0000000081a00000| Untracked |  0
|   7|0x0000000081b00000, 0x0000000081b00000, 0x0000000081c00000|  0%| F|  |TAMS 0x0000000081b00000| PB 0x0000000081b00000| Untracked |  0
|   8|0x0000000081c00000, 0x0000000081c00000, 0x0000000081d00000|  0%| F|  |TAMS 0x0000000081c00000| PB 0x0000000081c00000| Untracked |  0
|   9|0x0000000081d00000, 0x0000000081d00000, 0x0000000081e00000|  0%| F|  |TAMS 0x0000000081d00000| PB 0x0000000081d00000| Untracked |  0
|  10|0x0000000081e00000, 0x0000000081e00000, 0x0000000081f00000|  0%| F|  |TAMS 0x0000000081e00000| PB 0x0000000081e00000| Untracked |  0
|  11|0x0000000081f00000, 0x0000000081f00000, 0x0000000082000000|  0%| F|  |TAMS 0x0000000081f00000| PB 0x0000000081f00000| Untracked |  0
|  12|0x0000000082000000, 0x0000000082000000, 0x0000000082100000|  0%| F|  |TAMS 0x0000000082000000| PB 0x0000000082000000| Untracked |  0
|  13|0x0000000082100000, 0x0000000082100000, 0x0000000082200000|  0%| F|  |TAMS 0x0000000082100000| PB 0x0000000082100000| Untracked |  0
|  14|0x0000000082200000, 0x0000000082200000, 0x0000000082300000|  0%| F|  |TAMS 0x0000000082200000| PB 0x0000000082200000| Untracked |  0
|  15|0x0000000082300000, 0x0000000082300000, 0x0000000082400000|  0%| F|  |TAMS 0x0000000082300000| PB 0x0000000082300000| Untracked |  0
|  16|0x0000000082400000, 0x0000000082400000, 0x0000000082500000|  0%| F|  |TAMS 0x0000000082400000| PB 0x0000000082400000| Untracked |  0
|  17|0x0000000082500000, 0x0000000082500000, 0x0000000082600000|  0%| F|  |TAMS 0x0000000082500000| PB 0x0000000082500000| Untracked |  0
|  18|0x0000000082600000, 0x0000000082600000, 0x0000000082700000|  0%| F|  |TAMS 0x0000000082600000| PB 0x0000000082600000| Untracked |  0
|  19|0x0000000082700000, 0x0000000082700000, 0x0000000082800000|  0%| F|  |TAMS 0x0000000082700000| PB 0x0000000082700000| Untracked |  0
|  20|0x0000000082800000, 0x0000000082800000, 0x0000000082900000|  0%| F|  |TAMS 0x0000000082800000| PB 0x0000000082800000| Untracked |  0
|  21|0x0000000082900000, 0x0000000082900000, 0x0000000082a00000|  0%| F|  |TAMS 0x0000000082900000| PB 0x0000000082900000| Untracked |  0
|  22|0x0000000082a00000, 0x0000000082a00000, 0x0000000082b00000|  0%| F|  |TAMS 0x0000000082a00000| PB 0x0000000082a00000| Untracked |  0
|  23|0x0000000082b00000, 0x0000000082b00000, 0x0000000082c00000|  0%| F|  |TAMS 0x0000000082b00000| PB 0x0000000082b00000| Untracked |  0
|  24|0x0000000082c00000, 0x0000000082c00000, 0x0000000082d00000|  0%| F|  |TAMS 0x0000000082c00000| PB 0x0000000082c00000| Untracked |  0
|  25|0x0000000082d00000, 0x0000000082d00000, 0x0000000082e00000|  0%| F|  |TAMS 0x0000000082d00000| PB 0x0000000082d00000| Untracked |  0
|  26|0x0000000082e00000, 0x0000000082e00000, 0x0000000082f00000|  0%| F|  |TAMS 0x0000000082e00000| PB 0x0000000082e00000| Untracked |  0
|  27|0x0000000082f00000, 0x0000000082f00000, 0x0000000083000000|  0%| F|  |TAMS 0x0000000082f00000| PB 0x0000000082f00000| Untracked |  0
|  28|0x0000000083000000, 0x0000000083000000, 0x0000000083100000|  0%| F|  |TAMS 0x0000000083000000| PB 0x0000000083000000| Untracked |  0
|  29|0x0000000083100000, 0x0000000083100000, 0x0000000083200000|  0%| F|  |TAMS 0x0000000083100000| PB 0x0000000083100000| Untracked |  0
|  30|0x0000000083200000, 0x0000000083200000, 0x0000000083300000|  0%| F|  |TAMS 0x0000000083200000| PB 0x0000000083200000| Untracked |  0
|  31|0x0000000083300000, 0x0000000083300000, 0x0000000083400000|  0%| F|  |TAMS 0x0000000083300000| PB 0x0000000083300000| Untracked |  0
|  32|0x0000000083400000, 0x0000000083400000, 0x0000000083500000|  0%| F|  |TAMS 0x0000000083400000| PB 0x0000000083400000| Untracked |  0
|  33|0x0000000083500000, 0x0000000083500000, 0x0000000083600000|  0%| F|  |TAMS 0x0000000083500000| PB 0x0000000083500000| Untracked |  0
|  34|0x0000000083600000, 0x0000000083600000, 0x0000000083700000|  0%| F|  |TAMS 0x0000000083600000| PB 0x0000000083600000| Untracked |  0
|  35|0x0000000083700000, 0x0000000083700000, 0x0000000083800000|  0%| F|  |TAMS 0x0000000083700000| PB 0x0000000083700000| Untracked |  0
|  36|0x0000000083800000, 0x0000000083800000, 0x0000000083900000|  0%| F|  |TAMS 0x0000000083800000| PB 0x0000000083800000| Untracked |  0
|  37|0x0000000083900000, 0x0000000083900000, 0x0000000083a00000|  0%| F|  |TAMS 0x0000000083900000| PB 0x0000000083900000| Untracked |  0
|  38|0x0000000083a00000, 0x0000000083a00000, 0x0000000083b00000|  0%| F|  |TAMS 0x0000000083a00000| PB 0x0000000083a00000| Untracked |  0
|  39|0x0000000083b00000, 0x0000000083b00000, 0x0000000083c00000|  0%| F|  |TAMS 0x0000000083b00000| PB 0x0000000083b00000| Untracked |  0
|  40|0x0000000083c00000, 0x0000000083c00000, 0x0000000083d00000|  0%| F|  |TAMS 0x0000000083c00000| PB 0x0000000083c00000| Untracked |  0
|  41|0x0000000083d00000, 0x0000000083d00000, 0x0000000083e00000|  0%| F|  |TAMS 0x0000000083d00000| PB 0x0000000083d00000| Untracked |  0
|  42|0x0000000083e00000, 0x0000000083e00000, 0x0000000083f00000|  0%| F|  |TAMS 0x0000000083e00000| PB 0x0000000083e00000| Untracked |  0
|  43|0x0000000083f00000, 0x0000000083f00000, 0x0000000084000000|  0%| F|  |TAMS 0x0000000083f00000| PB 0x0000000083f00000| Untracked |  0
|  44|0x0000000084000000, 0x0000000084000000, 0x0000000084100000|  0%| F|  |TAMS 0x0000000084000000| PB 0x0000000084000000| Untracked |  0
|  45|0x0000000084100000, 0x0000000084100000, 0x0000000084200000|  0%| F|  |TAMS 0x0000000084100000| PB 0x0000000084100000| Untracked |  0
|  46|0x0000000084200000, 0x0000000084200000, 0x0000000084300000|  0%| F|  |TAMS 0x0000000084200000| PB 0x0000000084200000| Untracked |  0
|  47|0x0000000084300000, 0x0000000084300000, 0x0000000084400000|  0%| F|  |TAMS 0x0000000084300000| PB 0x0000000084300000| Untracked |  0
|  48|0x0000000084400000, 0x0000000084400000, 0x0000000084500000|  0%| F|  |TAMS 0x0000000084400000| PB 0x0000000084400000| Untracked |  0
|  49|0x0000000084500000, 0x0000000084500000, 0x0000000084600000|  0%| F|  |TAMS 0x0000000084500000| PB 0x0000000084500000| Untracked |  0
|  50|0x0000000084600000, 0x0000000084600000, 0x0000000084700000|  0%| F|  |TAMS 0x0000000084600000| PB 0x0000000084600000| Untracked |  0
|  51|0x0000000084700000, 0x0000000084700000, 0x0000000084800000|  0%| F|  |TAMS 0x0000000084700000| PB 0x0000000084700000| Untracked |  0
|  52|0x0000000084800000, 0x0000000084800000, 0x0000000084900000|  0%| F|  |TAMS 0x0000000084800000| PB 0x0000000084800000| Untracked |  0
|  53|0x0000000084900000, 0x0000000084900000, 0x0000000084a00000|  0%| F|  |TAMS 0x0000000084900000| PB 0x0000000084900000| Untracked |  0
|  54|0x0000000084a00000, 0x0000000084a00000, 0x0000000084b00000|  0%| F|  |TAMS 0x0000000084a00000| PB 0x0000000084a00000| Untracked |  0
|  55|0x0000000084b00000, 0x0000000084b00000, 0x0000000084c00000|  0%| F|  |TAMS 0x0000000084b00000| PB 0x0000000084b00000| Untracked |  0
|  56|0x0000000084c00000, 0x0000000084c00000, 0x0000000084d00000|  0%| F|  |TAMS 0x0000000084c00000| PB 0x0000000084c00000| Untracked |  0
|  57|0x0000000084d00000, 0x0000000084d00000, 0x0000000084e00000|  0%| F|  |TAMS 0x0000000084d00000| PB 0x0000000084d00000| Untracked |  0
|  58|0x0000000084e00000, 0x0000000084e00000, 0x0000000084f00000|  0%| F|  |TAMS 0x0000000084e00000| PB 0x0000000084e00000| Untracked |  0
|  59|0x0000000084f00000, 0x0000000084f00000, 0x0000000085000000|  0%| F|  |TAMS 0x0000000084f00000| PB 0x0000000084f00000| Untracked |  0
|  60|0x0000000085000000, 0x0000000085000000, 0x0000000085100000|  0%| F|  |TAMS 0x0000000085000000| PB 0x0000000085000000| Untracked |  0
|  61|0x0000000085100000, 0x0000000085100000, 0x0000000085200000|  0%| F|  |TAMS 0x0000000085100000| PB 0x0000000085100000| Untracked |  0
|  62|0x0000000085200000, 0x0000000085200000, 0x0000000085300000|  0%| F|  |TAMS 0x0000000085200000| PB 0x0000000085200000| Untracked |  0
|  63|0x0000000085300000, 0x0000000085300000, 0x0000000085400000|  0%| F|  |TAMS 0x0000000085300000| PB 0x0000000085300000| Untracked |  0
|  64|0x0000000085400000, 0x0000000085400000, 0x0000000085500000|  0%| F|  |TAMS 0x0000000085400000| PB 0x0000000085400000| Untracked |  0
|  65|0x0000000085500000, 0x0000000085500000, 0x0000000085600000|  0%| F|  |TAMS 0x0000000085500000| PB 0x0000000085500000| Untracked |  0
|  66|0x0000000085600000, 0x0000000085600000, 0x0000000085700000|  0%| F|  |TAMS 0x0000000085600000| PB 0x0000000085600000| Untracked |  0
|  67|0x0000000085700000, 0x0000000085700000, 0x0000000085800000|  0%| F|  |TAMS 0x0000000085700000| PB 0x0000000085700000| Untracked |  0
|  68|0x0000000085800000, 0x0000000085800000, 0x0000000085900000|  0%| F|  |TAMS 0x0000000085800000| PB 0x0000000085800000| Untracked |  0
|  69|0x0000000085900000, 0x0000000085900000, 0x0000000085a00000|  0%| F|  |TAMS 0x0000000085900000| PB 0x0000000085900000| Untracked |  0
|  70|0x0000000085a00000, 0x0000000085a00000, 0x0000000085b00000|  0%| F|  |TAMS 0x0000000085a00000| PB 0x0000000085a00000| Untracked |  0
|  71|0x0000000085b00000, 0x0000000085b00000, 0x0000000085c00000|  0%| F|  |TAMS 0x0000000085b00000| PB 0x0000000085b00000| Untracked |  0
|  72|0x0000000085c00000, 0x0000000085c00000, 0x0000000085d00000|  0%| F|  |TAMS 0x0000000085c00000| PB 0x0000000085c00000| Untracked |  0
|  73|0x0000000085d00000, 0x0000000085d00000, 0x0000000085e00000|  0%| F|  |TAMS 0x0000000085d00000| PB 0x0000000085d00000| Untracked |  0
|  74|0x0000000085e00000, 0x0000000085e00000, 0x0000000085f00000|  0%| F|  |TAMS 0x0000000085e00000| PB 0x0000000085e00000| Untracked |  0
|  75|0x0000000085f00000, 0x0000000085f00000, 0x0000000086000000|  0%| F|  |TAMS 0x0000000085f00000| PB 0x0000000085f00000| Untracked |  0
|  76|0x0000000086000000, 0x0000000086000000, 0x0000000086100000|  0%| F|  |TAMS 0x0000000086000000| PB 0x0000000086000000| Untracked |  0
|  77|0x0000000086100000, 0x0000000086100000, 0x0000000086200000|  0%| F|  |TAMS 0x0000000086100000| PB 0x0000000086100000| Untracked |  0
|  78|0x0000000086200000, 0x0000000086200000, 0x0000000086300000|  0%| F|  |TAMS 0x0000000086200000| PB 0x0000000086200000| Untracked |  0
|  79|0x0000000086300000, 0x0000000086300000, 0x0000000086400000|  0%| F|  |TAMS 0x0000000086300000| PB 0x0000000086300000| Untracked |  0
|  80|0x0000000086400000, 0x0000000086400000, 0x0000000086500000|  0%| F|  |TAMS 0x0000000086400000| PB 0x0000000086400000| Untracked |  0
|  81|0x0000000086500000, 0x0000000086500000, 0x0000000086600000|  0%| F|  |TAMS 0x0000000086500000| PB 0x0000000086500000| Untracked |  0
|  82|0x0000000086600000, 0x0000000086600000, 0x0000000086700000|  0%| F|  |TAMS 0x0000000086600000| PB 0x0000000086600000| Untracked |  0
|  83|0x0000000086700000, 0x0000000086700000, 0x0000000086800000|  0%| F|  |TAMS 0x0000000086700000| PB 0x0000000086700000| Untracked |  0
|  84|0x0000000086800000, 0x0000000086800000, 0x0000000086900000|  0%| F|  |TAMS 0x0000000086800000| PB 0x0000000086800000| Untracked |  0
|  85|0x0000000086900000, 0x0000000086900000, 0x0000000086a00000|  0%| F|  |TAMS 0x0000000086900000| PB 0x0000000086900000| Untracked |  0
|  86|0x0000000086a00000, 0x0000000086a00000, 0x0000000086b00000|  0%| F|  |TAMS 0x0000000086a00000| PB 0x0000000086a00000| Untracked |  0
|  87|0x0000000086b00000, 0x0000000086b00000, 0x0000000086c00000|  0%| F|  |TAMS 0x0000000086b00000| PB 0x0000000086b00000| Untracked |  0
|  88|0x0000000086c00000, 0x0000000086c00000, 0x0000000086d00000|  0%| F|  |TAMS 0x0000000086c00000| PB 0x0000000086c00000| Untracked |  0
|  89|0x0000000086d00000, 0x0000000086d00000, 0x0000000086e00000|  0%| F|  |TAMS 0x0000000086d00000| PB 0x0000000086d00000| Untracked |  0
|  90|0x0000000086e00000, 0x0000000086e00000, 0x0000000086f00000|  0%| F|  |TAMS 0x0000000086e00000| PB 0x0000000086e00000| Untracked |  0
|  91|0x0000000086f00000, 0x0000000086f00000, 0x0000000087000000|  0%| F|  |TAMS 0x0000000086f00000| PB 0x0000000086f00000| Untracked |  0
|  92|0x0000000087000000, 0x0000000087000000, 0x0000000087100000|  0%| F|  |TAMS 0x0000000087000000| PB 0x0000000087000000| Untracked |  0
|  93|0x0000000087100000, 0x0000000087100000, 0x0000000087200000|  0%| F|  |TAMS 0x0000000087100000| PB 0x0000000087100000| Untracked |  0
|  94|0x0000000087200000, 0x0000000087200000, 0x0000000087300000|  0%| F|  |TAMS 0x0000000087200000| PB 0x0000000087200000| Untracked |  0
|  95|0x0000000087300000, 0x0000000087300000, 0x0000000087400000|  0%| F|  |TAMS 0x0000000087300000| PB 0x0000000087300000| Untracked |  0
|  96|0x0000000087400000, 0x0000000087400000, 0x0000000087500000|  0%| F|  |TAMS 0x0000000087400000| PB 0x0000000087400000| Untracked |  0
|  97|0x0000000087500000, 0x0000000087500000, 0x0000000087600000|  0%| F|  |TAMS 0x0000000087500000| PB 0x0000000087500000| Untracked |  0
|  98|0x0000000087600000, 0x0000000087600000, 0x0000000087700000|  0%| F|  |TAMS 0x0000000087600000| PB 0x0000000087600000| Untracked |  0
|  99|0x0000000087700000, 0x0000000087700000, 0x0000000087800000|  0%| F|  |TAMS 0x0000000087700000| PB 0x0000000087700000| Untracked |  0
| 100|0x0000000087800000, 0x0000000087800000, 0x0000000087900000|  0%| F|  |TAMS 0x0000000087800000| PB 0x0000000087800000| Untracked |  0
| 101|0x0000000087900000, 0x0000000087900000, 0x0000000087a00000|  0%| F|  |TAMS 0x0000000087900000| PB 0x0000000087900000| Untracked |  0
| 102|0x0000000087a00000, 0x0000000087a00000, 0x0000000087b00000|  0%| F|  |TAMS 0x0000000087a00000| PB 0x0000000087a00000| Untracked |  0
| 103|0x0000000087b00000, 0x0000000087b00000, 0x0000000087c00000|  0%| F|  |TAMS 0x0000000087b00000| PB 0x0000000087b00000| Untracked |  0
| 104|0x0000000087c00000, 0x0000000087c00000, 0x0000000087d00000|  0%| F|  |TAMS 0x0000000087c00000| PB 0x0000000087c00000| Untracked |  0
| 105|0x0000000087d00000, 0x0000000087d00000, 0x0000000087e00000|  0%| F|  |TAMS 0x0000000087d00000| PB 0x0000000087d00000| Untracked |  0
| 106|0x0000000087e00000, 0x0000000087e00000, 0x0000000087f00000|  0%| F|  |TAMS 0x0000000087e00000| PB 0x0000000087e00000| Untracked |  0
| 107|0x0000000087f00000, 0x0000000087f00000, 0x0000000088000000|  0%| F|  |TAMS 0x0000000087f00000| PB 0x0000000087f00000| Untracked |  0
| 108|0x0000000088000000, 0x0000000088000000, 0x0000000088100000|  0%| F|  |TAMS 0x0000000088000000| PB 0x0000000088000000| Untracked |  0
| 109|0x0000000088100000, 0x0000000088100000, 0x0000000088200000|  0%| F|  |TAMS 0x0000000088100000| PB 0x0000000088100000| Untracked |  0
| 110|0x0000000088200000, 0x0000000088200000, 0x0000000088300000|  0%| F|  |TAMS 0x0000000088200000| PB 0x0000000088200000| Untracked |  0
| 111|0x0000000088300000, 0x0000000088300000, 0x0000000088400000|  0%| F|  |TAMS 0x0000000088300000| PB 0x0000000088300000| Untracked |  0
| 112|0x0000000088400000, 0x0000000088400000, 0x0000000088500000|  0%| F|  |TAMS 0x0000000088400000| PB 0x0000000088400000| Untracked |  0
| 113|0x0000000088500000, 0x0000000088500000, 0x0000000088600000|  0%| F|  |TAMS 0x0000000088500000| PB 0x0000000088500000| Untracked |  0
| 114|0x0000000088600000, 0x0000000088600000, 0x0000000088700000|  0%| F|  |TAMS 0x0000000088600000| PB 0x0000000088600000| Untracked |  0
| 115|0x0000000088700000, 0x0000000088700000, 0x0000000088800000|  0%| F|  |TAMS 0x0000000088700000| PB 0x0000000088700000| Untracked |  0
| 116|0x0000000088800000, 0x0000000088800000, 0x0000000088900000|  0%| F|  |TAMS 0x0000000088800000| PB 0x0000000088800000| Untracked |  0
| 117|0x0000000088900000, 0x0000000088900000, 0x0000000088a00000|  0%| F|  |TAMS 0x0000000088900000| PB 0x0000000088900000| Untracked |  0
| 118|0x0000000088a00000, 0x0000000088a00000, 0x0000000088b00000|  0%| F|  |TAMS 0x0000000088a00000| PB 0x0000000088a00000| Untracked |  0
| 119|0x0000000088b00000, 0x0000000088b00000, 0x0000000088c00000|  0%| F|  |TAMS 0x0000000088b00000| PB 0x0000000088b00000| Untracked |  0
| 120|0x0000000088c00000, 0x0000000088c00000, 0x0000000088d00000|  0%| F|  |TAMS 0x0000000088c00000| PB 0x0000000088c00000| Untracked |  0
| 121|0x0000000088d00000, 0x0000000088d00000, 0x0000000088e00000|  0%| F|  |TAMS 0x0000000088d00000| PB 0x0000000088d00000| Untracked |  0
| 122|0x0000000088e00000, 0x0000000088e00000, 0x0000000088f00000|  0%| F|  |TAMS 0x0000000088e00000| PB 0x0000000088e00000| Untracked |  0
| 123|0x0000000088f00000, 0x0000000088f47b18, 0x0000000089000000| 28%| E|  |TAMS 0x0000000088f00000| PB 0x0000000088f00000| Complete |  0
| 124|0x0000000089000000, 0x0000000089100000, 0x0000000089100000|100%| E|CS|TAMS 0x0000000089000000| PB 0x0000000089000000| Complete |  0
| 125|0x0000000089100000, 0x0000000089200000, 0x0000000089200000|100%| E|CS|TAMS 0x0000000089100000| PB 0x0000000089100000| Complete |  0
| 126|0x0000000089200000, 0x0000000089300000, 0x0000000089300000|100%| E|CS|TAMS 0x0000000089200000| PB 0x0000000089200000| Complete |  0
| 127|0x0000000089300000, 0x0000000089400000, 0x0000000089400000|100%| E|CS|TAMS 0x0000000089300000| PB 0x0000000089300000| Complete |  0

Card table byte_map: [0x0000023761270000,0x0000023761670000] _byte_map_base: 0x0000023760e66000

Marking Bits: (CMBitMap*) 0x000002374979a900
 Bits: [0x0000023761670000, 0x0000023763620000)

Polling page: 0x00000237474c0000

Metaspace:

Usage:
  Non-class:      3.38 MB used.
      Class:    412.31 KB used.
       Both:      3.79 MB used.

Virtual space:
  Non-class space:       64.00 MB reserved,       3.44 MB (  5%) committed,  1 nodes.
      Class space:        1.00 GB reserved,     448.00 KB ( <1%) committed,  1 nodes.
             Both:        1.06 GB reserved,       3.88 MB ( <1%) committed. 

Chunk freelists:
   Non-Class:  11.89 MB
       Class:  15.56 MB
        Both:  27.45 MB

MaxMetaspaceSize: unlimited
CompressedClassSpaceSize: 1.00 GB
Initial GC threshold: 21.00 MB
Current GC threshold: 21.00 MB
CDS: on
 - commit_granule_bytes: 65536.
 - commit_granule_words: 8192.
 - virtual_space_node_default_size: 8388608.
 - enlarge_chunks_in_place: 1.
 - use_allocation_guard: 0.


Internal statistics:

num_allocs_failed_limit: 0.
num_arena_births: 110.
num_arena_deaths: 0.
num_vsnodes_births: 2.
num_vsnodes_deaths: 0.
num_space_committed: 62.
num_space_uncommitted: 0.
num_chunks_returned_to_freelist: 0.
num_chunks_taken_from_freelist: 131.
num_chunk_merges: 0.
num_chunk_splits: 81.
num_chunks_enlarged: 33.
num_inconsistent_stats: 0.

CodeHeap 'non-profiled nmethods': size=120064Kb used=144Kb max_used=144Kb free=119919Kb
 bounds [0x0000023759930000, 0x0000023759ba0000, 0x0000023760e70000]
CodeHeap 'profiled nmethods': size=120000Kb used=506Kb max_used=506Kb free=119493Kb
 bounds [0x0000023751e70000, 0x00000237520e0000, 0x00000237593a0000]
CodeHeap 'non-nmethods': size=5696Kb used=1405Kb max_used=1418Kb free=4290Kb
 bounds [0x00000237593a0000, 0x0000023759610000, 0x0000023759930000]
CodeCache: size=245760Kb, used=2055Kb, max_used=2068Kb, free=243702Kb
 total_blobs=981, nmethods=472, adapters=415, full_count=0
Compilation: enabled, stopped_count=0, restarted_count=0

Compilation events (20 events):
Event: 0.719 Thread 0x0000023765b2be20  463       3       java.util.ImmutableCollections$SetN::contains (26 bytes)
Event: 0.719 Thread 0x0000023765b2be20 nmethod 463 0x0000023751eeb088 code [0x0000023751eeb1e0, 0x0000023751eeb4f8]
Event: 0.720 Thread 0x0000023765b2be20  464       3       java.util.HashMap::putVal (300 bytes)
Event: 0.721 Thread 0x0000023765b2be20 nmethod 464 0x0000023751eeb588 code [0x0000023751eeb7a0, 0x0000023751eec888]
Event: 0.721 Thread 0x0000023765b2be20  468       3       java.util.HashMap::get (19 bytes)
Event: 0.721 Thread 0x0000023765b2be20 nmethod 468 0x0000023751eec908 code [0x0000023751eeca40, 0x0000023751eecbf0]
Event: 0.721 Thread 0x0000023765b2be20  465       3       java.util.HashMap::put (13 bytes)
Event: 0.721 Thread 0x0000023765b2be20 nmethod 465 0x0000023751eecc08 code [0x0000023751eecd40, 0x0000023751eed040]
Event: 0.721 Thread 0x0000023765b2be20  467       3       java.util.HashMap$HashIterator::nextNode (100 bytes)
Event: 0.722 Thread 0x0000023765aff630  471       4       java.lang.String::equals (56 bytes)
Event: 0.722 Thread 0x0000023765b2be20 nmethod 467 0x0000023751eed088 code [0x0000023751eed200, 0x0000023751eed6e0]
Event: 0.722 Thread 0x0000023765b2be20  469       3       jdk.internal.util.ArraysSupport::mismatch (103 bytes)
Event: 0.722 Thread 0x0000023765b2be20 nmethod 469 0x0000023751eed708 code [0x0000023751eed860, 0x0000023751eedc58]
Event: 0.722 Thread 0x0000023765b2be20  466       3       java.util.HashMap$KeyIterator::next (8 bytes)
Event: 0.723 Thread 0x0000023765b2be20 nmethod 466 0x0000023751eedc88 code [0x0000023751eedda0, 0x0000023751eedee0]
Event: 0.723 Thread 0x0000023765b2be20  470       3       java.lang.String::startsWith (123 bytes)
Event: 0.723 Thread 0x0000023765aff630 nmethod 471 0x0000023759953e88 code [0x0000023759953f80, 0x0000023759954158]
Event: 0.724 Thread 0x0000023765b2be20 nmethod 470 0x0000023751eedf88 code [0x0000023751eee120, 0x0000023751eee850]
Event: 0.724 Thread 0x0000023765b2be20  472       3       jdk.internal.access.SharedSecrets::getJavaLangAccess (4 bytes)
Event: 0.724 Thread 0x0000023765b2be20 nmethod 472 0x0000023751eee888 code [0x0000023751eee9a0, 0x0000023751eeea98]

GC Heap History (0 events):
No events

Dll operation events (7 events):
Event: 0.025 Loaded shared library C:\Program Files\Java\jdk-23\bin\java.dll
Event: 0.181 Loaded shared library C:\Program Files\Java\jdk-23\bin\jsvml.dll
Event: 0.329 Loaded shared library C:\Program Files\Java\jdk-23\bin\jimage.dll
Event: 0.355 Loaded shared library C:\Program Files\Java\jdk-23\bin\net.dll
Event: 0.365 Loaded shared library C:\Program Files\Java\jdk-23\bin\nio.dll
Event: 0.383 Loaded shared library C:\Program Files\Java\jdk-23\bin\zip.dll
Event: 0.441 Loaded shared library C:\Program Files\Java\jdk-23\bin\awt.dll

Deoptimization events (0 events):
No events

Classes loaded (20 events):
Event: 0.719 Loading class com/sun/swing/internal/plaf/basic/resources/basic_en done
Event: 0.719 Loading class com/sun/swing/internal/plaf/basic/resources/basic_en_US
Event: 0.719 Loading class com/sun/swing/internal/plaf/basic/resources/basic_en_US done
Event: 0.719 Loading class com/sun/swing/internal/plaf/basic/resources/basic_en_US
Event: 0.719 Loading class com/sun/swing/internal/plaf/basic/resources/basic_en_US done
Event: 0.720 Loading class sun/reflect/misc/ReflectUtil
Event: 0.721 Loading class sun/reflect/misc/ReflectUtil done
Event: 0.721 Loading class javax/swing/plaf/basic/BasicPanelUI
Event: 0.721 Loading class javax/swing/plaf/PanelUI
Event: 0.721 Loading class javax/swing/plaf/ComponentUI
Event: 0.721 Loading class javax/swing/plaf/ComponentUI done
Event: 0.721 Loading class javax/swing/plaf/PanelUI done
Event: 0.721 Loading class javax/swing/plaf/basic/BasicPanelUI done
Event: 0.721 Loading class java/awt/Component$BaselineResizeBehavior
Event: 0.721 Loading class java/awt/Component$BaselineResizeBehavior done
Event: 0.724 Loading class javax/swing/RepaintManager$ProcessingRunnable
Event: 0.724 Loading class javax/swing/RepaintManager$ProcessingRunnable done
Event: 0.724 Loading class com/sun/java/swing/SwingUtilities3
Event: 0.724 Loading class com/sun/java/swing/SwingUtilities3 done
Event: 0.725 Loading class javax/swing/JLayeredPane

Classes unloaded (0 events):
No events

Classes redefined (0 events):
No events

Internal exceptions (7 events):
Event: 0.407 Thread 0x000002374973f920 Exception <a 'java/lang/ClassNotFoundException'{0x0000000089291db8}: sun/awt/resources/spi/awtProvider> (0x0000000089291db8) 
thrown [s\open\src\hotspot\share\classfile\systemDictionary.cpp, line 313]
Event: 0.472 Thread 0x000002374973f920 Exception <a 'java/io/FileNotFoundException'{0x00000000892e6958}> (0x00000000892e6958) 
thrown [s\open\src\hotspot\share\prims\jni.cpp, line 520]
Event: 0.493 Thread 0x000002374973f920 Exception <a 'java/io/FileNotFoundException'{0x0000000089114f00}> (0x0000000089114f00) 
thrown [s\open\src\hotspot\share\prims\jni.cpp, line 520]
Event: 0.663 Thread 0x000002374973f920 Exception <a 'java/lang/NoSuchMethodError'{0x0000000089022d10}: 'void java.lang.invoke.DirectMethodHandle$Holder.invokeSpecial(java.lang.Object, java.lang.Object, java.lang.Object)'> (0x0000000089022d10) 
thrown [s\open\src\hotspot\share\interpreter\linkResolver.cpp, line 796]
Event: 0.685 Thread 0x000002374973f920 Exception <a 'java/lang/NoSuchMethodError'{0x0000000089072758}: 'java.lang.Object java.lang.invoke.DirectMethodHandle$Holder.invokeStatic(java.lang.Object, int, java.lang.Object)'> (0x0000000089072758) 
thrown [s\open\src\hotspot\share\interpreter\linkResolver.cpp, line 796]
Event: 0.717 Thread 0x000002374973f920 Exception <a 'java/lang/ClassNotFoundException'{0x0000000088f15140}: com/sun/swing/internal/plaf/metal/resources/spi/metalProvider> (0x0000000088f15140) 
thrown [s\open\src\hotspot\share\classfile\systemDictionary.cpp, line 313]
Event: 0.719 Thread 0x000002374973f920 Exception <a 'java/lang/ClassNotFoundException'{0x0000000088f19180}: com/sun/swing/internal/plaf/basic/resources/spi/basicProvider> (0x0000000088f19180) 
thrown [s\open\src\hotspot\share\classfile\systemDictionary.cpp, line 313]

VM Operations (4 events):
Event: 0.524 Executing VM operation: HandshakeAllThreads (Deoptimize)
Event: 0.524 Executing VM operation: HandshakeAllThreads (Deoptimize) done
Event: 0.716 Executing VM operation: HandshakeAllThreads (Deoptimize)
Event: 0.716 Executing VM operation: HandshakeAllThreads (Deoptimize) done

Memory protections (0 events):
No events

Nmethod flushes (0 events):
No events

Events (14 events):
Event: 0.114 Thread 0x000002374973f920 Thread added: 0x000002374973f920
Event: 0.157 Thread 0x000002374973f920 Thread added: 0x0000023765af4ee0
Event: 0.157 Thread 0x000002374973f920 Thread added: 0x0000023765af5c90
Event: 0.158 Thread 0x000002374973f920 Thread added: 0x0000023765af7820
Event: 0.158 Thread 0x000002374973f920 Thread added: 0x0000023765af9fa0
Event: 0.159 Thread 0x000002374973f920 Thread added: 0x0000023765afa610
Event: 0.159 Thread 0x000002374973f920 Thread added: 0x0000023765afec90
Event: 0.159 Thread 0x000002374973f920 Thread added: 0x0000023765aff630
Event: 0.164 Thread 0x000002374973f920 Thread added: 0x0000023765b2be20
Event: 0.234 Thread 0x000002374973f920 Thread added: 0x000002374512c320
Event: 0.245 Thread 0x000002374973f920 Thread added: 0x000002374513a5f0
Event: 0.612 Thread 0x000002374973f920 Thread added: 0x0000023745344290
Event: 0.615 Thread 0x000002374973f920 Thread added: 0x00000237453485c0
Event: 0.617 Thread 0x000002374973f920 Thread added: 0x000002374534fb20


Dynamic libraries:
0x00007ff738f20000 - 0x00007ff738f30000 	C:\Program Files\Java\jdk-23\bin\java.exe
0x00007ff86aa20000 - 0x00007ff86ac0e000 	C:\Windows\SYSTEM32\ntdll.dll
0x00007ff846ce0000 - 0x00007ff846cfa000 	C:\Program Files\Avast Software\Avast\aswhook.dll
0x00007ff867ce0000 - 0x00007ff867d93000 	C:\Windows\System32\KERNEL32.DLL
0x00007ff866a80000 - 0x00007ff866d1d000 	C:\Windows\System32\KERNELBASE.dll
0x00007ff867b40000 - 0x00007ff867c3a000 	C:\Windows\System32\ucrtbase.dll
0x00007ff851f10000 - 0x00007ff851f27000 	C:\Program Files\Java\jdk-23\bin\jli.dll
0x00007ff86a850000 - 0x00007ff86a9e7000 	C:\Windows\System32\USER32.dll
0x00007ff867a80000 - 0x00007ff867aa0000 	C:\Windows\System32\win32u.dll
0x00007ff868bb0000 - 0x00007ff868bd9000 	C:\Windows\System32\GDI32.dll
0x00007ff8678d0000 - 0x00007ff867a77000 	C:\Windows\System32\gdi32full.dll
0x00007ff852950000 - 0x00007ff852bc9000 	C:\Windows\WinSxS\amd64_microsoft.windows.common-controls_6595b64144ccf1df_6.0.17763.6532_none_de70be92534bb012\COMCTL32.dll
0x00007ff867aa0000 - 0x00007ff867b40000 	C:\Windows\System32\msvcp_win.dll
0x00007ff859d60000 - 0x00007ff859d7b000 	C:\Program Files\Java\jdk-23\bin\VCRUNTIME140.dll
0x00007ff868fe0000 - 0x00007ff86907e000 	C:\Windows\System32\msvcrt.dll
0x00007ff868cb0000 - 0x00007ff868fda000 	C:\Windows\System32\combase.dll
0x00007ff8687c0000 - 0x00007ff8688d8000 	C:\Windows\System32\RPCRT4.dll
0x00007ff866d80000 - 0x00007ff866e02000 	C:\Windows\System32\bcryptPrimitives.dll
0x00007ff867c40000 - 0x00007ff867c6e000 	C:\Windows\System32\IMM32.DLL
0x00007ff859d50000 - 0x00007ff859d5c000 	C:\Program Files\Java\jdk-23\bin\vcruntime140_1.dll
0x00007ff8469a0000 - 0x00007ff846a2e000 	C:\Program Files\Java\jdk-23\bin\msvcp140.dll
0x00007ff82bef0000 - 0x00007ff82cc3f000 	C:\Program Files\Java\jdk-23\bin\server\jvm.dll
0x00007ff8688e0000 - 0x00007ff868988000 	C:\Windows\System32\ADVAPI32.dll
0x00007ff868990000 - 0x00007ff868a32000 	C:\Windows\System32\sechost.dll
0x00007ff8677f0000 - 0x00007ff867816000 	C:\Windows\System32\bcrypt.dll
0x00007ff866a20000 - 0x00007ff866a7d000 	C:\Windows\System32\POWRPROF.dll
0x00007ff868c40000 - 0x00007ff868cad000 	C:\Windows\System32\WS2_32.dll
0x00007ff863bb0000 - 0x00007ff863bd4000 	C:\Windows\SYSTEM32\WINMM.dll
0x00007ff85d830000 - 0x00007ff85d83a000 	C:\Windows\SYSTEM32\VERSION.dll
0x00007ff863b80000 - 0x00007ff863bad000 	C:\Windows\SYSTEM32\WINMMBASE.dll
0x00007ff8677a0000 - 0x00007ff8677ea000 	C:\Windows\System32\cfgmgr32.dll
0x00007ff8669e0000 - 0x00007ff8669f1000 	C:\Windows\System32\kernel.appcore.dll
0x00007ff859540000 - 0x00007ff85954a000 	C:\Program Files\Java\jdk-23\bin\jimage.dll
0x00007ff85bcb0000 - 0x00007ff85be9d000 	C:\Windows\SYSTEM32\DBGHELP.DLL
0x00007ff85bbb0000 - 0x00007ff85bbda000 	C:\Windows\SYSTEM32\dbgcore.DLL
0x00007ff857860000 - 0x00007ff85787e000 	C:\Program Files\Java\jdk-23\bin\java.dll
0x00007ff8690e0000 - 0x00007ff869236000 	C:\Windows\System32\ole32.dll
0x00007ff869240000 - 0x00007ff86a738000 	C:\Windows\System32\SHELL32.dll
0x00007ff867e40000 - 0x00007ff867ee7000 	C:\Windows\System32\shcore.dll
0x00007ff866e30000 - 0x00007ff867578000 	C:\Windows\System32\windows.storage.dll
0x00007ff8669b0000 - 0x00007ff8669d3000 	C:\Windows\System32\profapi.dll
0x00007ff869080000 - 0x00007ff8690d2000 	C:\Windows\System32\shlwapi.dll
0x00007ff866e10000 - 0x00007ff866e2b000 	C:\Windows\System32\cryptsp.dll
0x00007ff8365f0000 - 0x00007ff8366c7000 	C:\Program Files\Java\jdk-23\bin\jsvml.dll
0x00007ff858e00000 - 0x00007ff858e10000 	C:\Program Files\Java\jdk-23\bin\net.dll
0x00007ff8661a0000 - 0x00007ff866207000 	C:\Windows\system32\mswsock.dll
0x00007ff857840000 - 0x00007ff857856000 	C:\Program Files\Java\jdk-23\bin\nio.dll
0x00007ff857820000 - 0x00007ff857837000 	C:\Program Files\Java\jdk-23\bin\zip.dll
0x00007ff835630000 - 0x00007ff8357be000 	C:\Program Files\Java\jdk-23\bin\awt.dll
0x00007ff8686d0000 - 0x00007ff868794000 	C:\Windows\System32\OLEAUT32.dll
0x00007ff863fb0000 - 0x00007ff86403c000 	C:\Windows\SYSTEM32\apphelp.dll
0x00007ff864fd0000 - 0x00007ff864ffe000 	C:\Windows\system32\DWMAPI.DLL
0x00007ff867580000 - 0x00007ff867791000 	C:\Windows\System32\CRYPT32.dll
0x00007ff866a00000 - 0x00007ff866a12000 	C:\Windows\System32\MSASN1.dll
0x00007ff864ee0000 - 0x00007ff864f7c000 	C:\Windows\system32\uxtheme.dll
0x00007ff84d570000 - 0x00007ff84d697000 	C:\Windows\system32\opengl32.dll
0x00007ff858dd0000 - 0x00007ff858dfc000 	C:\Windows\SYSTEM32\GLU32.dll
0x00007ff868a40000 - 0x00007ff868bac000 	C:\Windows\System32\MSCTF.dll
0x00007ff8592a0000 - 0x00007ff8592a7000 	C:\Windows\System32\OskSupport.dll

dbghelp: loaded successfully - version: 4.0.5 - missing functions: none
symbol engine: initialized successfully - sym options: 0x614 - pdb path: .;C:\Program Files\Java\jdk-23\bin;C:\Windows\SYSTEM32;C:\Program Files\Avast Software\Avast;C:\Windows\WinSxS\amd64_microsoft.windows.common-controls_6595b64144ccf1df_6.0.17763.6532_none_de70be92534bb012;C:\Program Files\Java\jdk-23\bin\server

VM Arguments:
java_command: com.mycompany.gymproject.Main
java_class_path (initial): C:\Users\Haneen\Desktop\farida emad\gym_2\target\classes;C:\Users\Haneen\.m2\repository\org\netbeans\external\AbsoluteLayout\RELEASE230\AbsoluteLayout-RELEASE230.jar
Launcher Type: SUN_STANDARD

[Global flags]
     intx CICompilerCount                          = 3                                         {product} {ergonomic}
     uint ConcGCThreads                            = 1                                         {product} {ergonomic}
     uint G1ConcRefinementThreads                  = 4                                         {product} {ergonomic}
   size_t G1HeapRegionSize                         = 1048576                                   {product} {ergonomic}
   size_t InitialHeapSize                          = 134217728                                 {product} {ergonomic}
   size_t MarkStackSize                            = 4194304                                   {product} {ergonomic}
   size_t MarkStackSizeMax                         = 536870912                                 {product} {ergonomic}
   size_t MaxHeapSize                              = 2126512128                                {product} {ergonomic}
   size_t MaxNewSize                               = 1275068416                                {product} {ergonomic}
   size_t MinHeapDeltaBytes                        = 1048576                                   {product} {ergonomic}
   size_t MinHeapSize                              = 8388608                                   {product} {ergonomic}
    uintx NonNMethodCodeHeapSize                   = 5832704                                {pd product} {ergonomic}
    uintx NonProfiledCodeHeapSize                  = 122945536                              {pd product} {ergonomic}
    uintx ProfiledCodeHeapSize                     = 122880000                              {pd product} {ergonomic}
    uintx ReservedCodeCacheSize                    = 251658240                              {pd product} {ergonomic}
     bool SegmentedCodeCache                       = true                                      {product} {ergonomic}
   size_t SoftMaxHeapSize                          = 2126512128                             {manageable} {ergonomic}
     bool UseCompressedOops                        = true                           {product lp64_product} {ergonomic}
     bool UseG1GC                                  = true                                      {product} {ergonomic}
     bool UseLargePagesIndividualAllocation        = false                                  {pd product} {ergonomic}

Logging:
Log output configuration:
 #0: stdout all=warning uptime,level,tags foldmultilines=false
 #1: stderr all=off uptime,level,tags foldmultilines=false

Environment Variables:
JAVA_HOME=C:\Program Files\Java\jdk-23
PATH=C:\Program Files\Common Files\Oracle\Java\javapath;C:\Windows\system32;C:\Windows;C:\Windows\System32\Wbem;C:\Windows\System32\WindowsPowerShell\v1.0\;C:\Windows\System32\OpenSSH\;C:\Program Files (x86)\Microsoft SQL Server\100\Tools\Binn\;C:\Program Files\Microsoft SQL Server\100\Tools\Binn\;C:\Program Files\Microsoft SQL Server\100\DTS\Binn\;C:\Users\Haneen\AppData\Local\Microsoft\WindowsApps;;C:\Users\Haneen\AppData\Local\Programs\Microsoft VS Code\bin
USERNAME=Haneen
OS=Windows_NT
PROCESSOR_IDENTIFIER=Intel64 Family 6 Model 61 Stepping 4, GenuineIntel
TMP=C:\Users\Haneen\AppData\Local\Temp
TEMP=C:\Users\Haneen\AppData\Local\Temp




Periodic native trim disabled

---------------  S Y S T E M  ---------------

OS:
 Windows 10 , 64 bit Build 17763 (10.0.17763.6292)
OS uptime: 8 days 11:55 hours

CPU: total 4 (initial active 4) (2 cores per cpu, 2 threads per core) family 6 model 61 stepping 4 microcode 0x2f, cx8, cmov, fxsr, ht, mmx, 3dnowpref, sse, sse2, sse3, ssse3, sse4.1, sse4.2, popcnt, lzcnt, tsc, tscinvbit, avx, avx2, aes, erms, clmul, bmi1, bmi2, adx, fma, vzeroupper, clflush, rdtscp, f16c
Processor Information for the first 4 processors :
  Max Mhz: 2201, Current Mhz: 1300, Mhz Limit: 2201

Memory: 4k page, system-wide physical 8110M (1204M free)
TotalPageFile size 14234M (AvailPageFile size 0M)
current process WorkingSet (physical memory assigned to process): 48M, peak: 48M
current process commit charge ("private bytes"): 208M, peak: 208M

vm_info: Java HotSpot(TM) 64-Bit Server VM (23.0.1+11-39) for windows-amd64 JRE (23.0.1+11-39), built on 2024-09-30T07:20:43Z with MS VC++ 17.6 (VS2022)

END.
